<?xml version="1.0" encoding="UTF-8"?>
<testsuite name="ab2.Tests" tests="27" skipped="0" failures="26" errors="0" timestamp="2021-02-09T19:44:55" hostname="DESKTOP-6FTSM67" time="34.326">
  <properties/>
  <testcase name="Minimization_MultipleCharacter()" classname="ab2.Tests" time="0.036">
    <failure message="java.lang.NullPointerException" type="java.lang.NullPointerException">java.lang.NullPointerException
	at ab2.Tests.Minimization_MultipleCharacter(Tests.java:1755)
	at java.base/jdk.internal.reflect.NativeMethodAccessorImpl.invoke0(Native Method)
	at java.base/jdk.internal.reflect.NativeMethodAccessorImpl.invoke(NativeMethodAccessorImpl.java:62)
	at java.base/jdk.internal.reflect.DelegatingMethodAccessorImpl.invoke(DelegatingMethodAccessorImpl.java:43)
	at java.base/java.lang.reflect.Method.invoke(Method.java:567)
	at org.junit.platform.commons.util.ReflectionUtils.invokeMethod(ReflectionUtils.java:686)
	at org.junit.jupiter.engine.execution.MethodInvocation.proceed(MethodInvocation.java:60)
	at org.junit.jupiter.engine.execution.InvocationInterceptorChain$ValidatingInvocation.proceed(InvocationInterceptorChain.java:131)
	at org.junit.jupiter.engine.extension.TimeoutExtension.intercept(TimeoutExtension.java:149)
	at org.junit.jupiter.engine.extension.TimeoutExtension.interceptTestableMethod(TimeoutExtension.java:140)
	at org.junit.jupiter.engine.extension.TimeoutExtension.interceptTestMethod(TimeoutExtension.java:84)
	at org.junit.jupiter.engine.execution.ExecutableInvoker$ReflectiveInterceptorCall.lambda$ofVoidMethod$0(ExecutableInvoker.java:115)
	at org.junit.jupiter.engine.execution.ExecutableInvoker.lambda$invoke$0(ExecutableInvoker.java:105)
	at org.junit.jupiter.engine.execution.InvocationInterceptorChain$InterceptedInvocation.proceed(InvocationInterceptorChain.java:106)
	at org.junit.jupiter.engine.execution.InvocationInterceptorChain.proceed(InvocationInterceptorChain.java:64)
	at org.junit.jupiter.engine.execution.InvocationInterceptorChain.chainAndInvoke(InvocationInterceptorChain.java:45)
	at org.junit.jupiter.engine.execution.InvocationInterceptorChain.invoke(InvocationInterceptorChain.java:37)
	at org.junit.jupiter.engine.execution.ExecutableInvoker.invoke(ExecutableInvoker.java:104)
	at org.junit.jupiter.engine.execution.ExecutableInvoker.invoke(ExecutableInvoker.java:98)
	at org.junit.jupiter.engine.descriptor.TestMethodTestDescriptor.lambda$invokeTestMethod$6(TestMethodTestDescriptor.java:205)
	at org.junit.platform.engine.support.hierarchical.ThrowableCollector.execute(ThrowableCollector.java:73)
	at org.junit.jupiter.engine.descriptor.TestMethodTestDescriptor.invokeTestMethod(TestMethodTestDescriptor.java:201)
	at org.junit.jupiter.engine.descriptor.TestMethodTestDescriptor.execute(TestMethodTestDescriptor.java:137)
	at org.junit.jupiter.engine.descriptor.TestMethodTestDescriptor.execute(TestMethodTestDescriptor.java:71)
	at org.junit.platform.engine.support.hierarchical.NodeTestTask.lambda$executeRecursively$5(NodeTestTask.java:135)
	at org.junit.platform.engine.support.hierarchical.ThrowableCollector.execute(ThrowableCollector.java:73)
	at org.junit.platform.engine.support.hierarchical.NodeTestTask.lambda$executeRecursively$7(NodeTestTask.java:125)
	at org.junit.platform.engine.support.hierarchical.Node.around(Node.java:135)
	at org.junit.platform.engine.support.hierarchical.NodeTestTask.lambda$executeRecursively$8(NodeTestTask.java:123)
	at org.junit.platform.engine.support.hierarchical.ThrowableCollector.execute(ThrowableCollector.java:73)
	at org.junit.platform.engine.support.hierarchical.NodeTestTask.executeRecursively(NodeTestTask.java:122)
	at org.junit.platform.engine.support.hierarchical.NodeTestTask.execute(NodeTestTask.java:80)
	at java.base/java.util.ArrayList.forEach(ArrayList.java:1507)
	at org.junit.platform.engine.support.hierarchical.SameThreadHierarchicalTestExecutorService.invokeAll(SameThreadHierarchicalTestExecutorService.java:38)
	at org.junit.platform.engine.support.hierarchical.NodeTestTask.lambda$executeRecursively$5(NodeTestTask.java:139)
	at org.junit.platform.engine.support.hierarchical.ThrowableCollector.execute(ThrowableCollector.java:73)
	at org.junit.platform.engine.support.hierarchical.NodeTestTask.lambda$executeRecursively$7(NodeTestTask.java:125)
	at org.junit.platform.engine.support.hierarchical.Node.around(Node.java:135)
	at org.junit.platform.engine.support.hierarchical.NodeTestTask.lambda$executeRecursively$8(NodeTestTask.java:123)
	at org.junit.platform.engine.support.hierarchical.ThrowableCollector.execute(ThrowableCollector.java:73)
	at org.junit.platform.engine.support.hierarchical.NodeTestTask.executeRecursively(NodeTestTask.java:122)
	at org.junit.platform.engine.support.hierarchical.NodeTestTask.execute(NodeTestTask.java:80)
	at java.base/java.util.ArrayList.forEach(ArrayList.java:1507)
	at org.junit.platform.engine.support.hierarchical.SameThreadHierarchicalTestExecutorService.invokeAll(SameThreadHierarchicalTestExecutorService.java:38)
	at org.junit.platform.engine.support.hierarchical.NodeTestTask.lambda$executeRecursively$5(NodeTestTask.java:139)
	at org.junit.platform.engine.support.hierarchical.ThrowableCollector.execute(ThrowableCollector.java:73)
	at org.junit.platform.engine.support.hierarchical.NodeTestTask.lambda$executeRecursively$7(NodeTestTask.java:125)
	at org.junit.platform.engine.support.hierarchical.Node.around(Node.java:135)
	at org.junit.platform.engine.support.hierarchical.NodeTestTask.lambda$executeRecursively$8(NodeTestTask.java:123)
	at org.junit.platform.engine.support.hierarchical.ThrowableCollector.execute(ThrowableCollector.java:73)
	at org.junit.platform.engine.support.hierarchical.NodeTestTask.executeRecursively(NodeTestTask.java:122)
	at org.junit.platform.engine.support.hierarchical.NodeTestTask.execute(NodeTestTask.java:80)
	at org.junit.platform.engine.support.hierarchical.SameThreadHierarchicalTestExecutorService.submit(SameThreadHierarchicalTestExecutorService.java:32)
	at org.junit.platform.engine.support.hierarchical.HierarchicalTestExecutor.execute(HierarchicalTestExecutor.java:57)
	at org.junit.platform.engine.support.hierarchical.HierarchicalTestEngine.execute(HierarchicalTestEngine.java:51)
	at org.junit.platform.launcher.core.DefaultLauncher.execute(DefaultLauncher.java:248)
	at org.junit.platform.launcher.core.DefaultLauncher.lambda$execute$5(DefaultLauncher.java:211)
	at org.junit.platform.launcher.core.DefaultLauncher.withInterceptedStreams(DefaultLauncher.java:226)
	at org.junit.platform.launcher.core.DefaultLauncher.execute(DefaultLauncher.java:199)
	at org.junit.platform.launcher.core.DefaultLauncher.execute(DefaultLauncher.java:132)
	at org.gradle.api.internal.tasks.testing.junitplatform.JUnitPlatformTestClassProcessor$CollectAllTestClassesExecutor.processAllTestClasses(JUnitPlatformTestClassProcessor.java:99)
	at org.gradle.api.internal.tasks.testing.junitplatform.JUnitPlatformTestClassProcessor$CollectAllTestClassesExecutor.access$000(JUnitPlatformTestClassProcessor.java:79)
	at org.gradle.api.internal.tasks.testing.junitplatform.JUnitPlatformTestClassProcessor.stop(JUnitPlatformTestClassProcessor.java:75)
	at org.gradle.api.internal.tasks.testing.SuiteTestClassProcessor.stop(SuiteTestClassProcessor.java:61)
	at java.base/jdk.internal.reflect.NativeMethodAccessorImpl.invoke0(Native Method)
	at java.base/jdk.internal.reflect.NativeMethodAccessorImpl.invoke(NativeMethodAccessorImpl.java:62)
	at java.base/jdk.internal.reflect.DelegatingMethodAccessorImpl.invoke(DelegatingMethodAccessorImpl.java:43)
	at java.base/java.lang.reflect.Method.invoke(Method.java:567)
	at org.gradle.internal.dispatch.ReflectionDispatch.dispatch(ReflectionDispatch.java:36)
	at org.gradle.internal.dispatch.ReflectionDispatch.dispatch(ReflectionDispatch.java:24)
	at org.gradle.internal.dispatch.ContextClassLoaderDispatch.dispatch(ContextClassLoaderDispatch.java:33)
	at org.gradle.internal.dispatch.ProxyDispatchAdapter$DispatchingInvocationHandler.invoke(ProxyDispatchAdapter.java:94)
	at com.sun.proxy.$Proxy2.stop(Unknown Source)
	at org.gradle.api.internal.tasks.testing.worker.TestWorker.stop(TestWorker.java:133)
	at java.base/jdk.internal.reflect.NativeMethodAccessorImpl.invoke0(Native Method)
	at java.base/jdk.internal.reflect.NativeMethodAccessorImpl.invoke(NativeMethodAccessorImpl.java:62)
	at java.base/jdk.internal.reflect.DelegatingMethodAccessorImpl.invoke(DelegatingMethodAccessorImpl.java:43)
	at java.base/java.lang.reflect.Method.invoke(Method.java:567)
	at org.gradle.internal.dispatch.ReflectionDispatch.dispatch(ReflectionDispatch.java:36)
	at org.gradle.internal.dispatch.ReflectionDispatch.dispatch(ReflectionDispatch.java:24)
	at org.gradle.internal.remote.internal.hub.MessageHubBackedObjectConnection$DispatchWrapper.dispatch(MessageHubBackedObjectConnection.java:182)
	at org.gradle.internal.remote.internal.hub.MessageHubBackedObjectConnection$DispatchWrapper.dispatch(MessageHubBackedObjectConnection.java:164)
	at org.gradle.internal.remote.internal.hub.MessageHub$Handler.run(MessageHub.java:414)
	at org.gradle.internal.concurrent.ExecutorPolicy$CatchAndRecordFailures.onExecute(ExecutorPolicy.java:64)
	at org.gradle.internal.concurrent.ManagedExecutorImpl$1.run(ManagedExecutorImpl.java:48)
	at java.base/java.util.concurrent.ThreadPoolExecutor.runWorker(ThreadPoolExecutor.java:1128)
	at java.base/java.util.concurrent.ThreadPoolExecutor$Worker.run(ThreadPoolExecutor.java:628)
	at org.gradle.internal.concurrent.ThreadFactoryImpl$ManagedThreadRunnable.run(ThreadFactoryImpl.java:56)
	at java.base/java.lang.Thread.run(Thread.java:830)
</failure>
  </testcase>
  <testcase name="Minimization_Operations()" classname="ab2.Tests" time="0.002">
    <failure message="java.lang.NullPointerException" type="java.lang.NullPointerException">java.lang.NullPointerException
	at ab2.Tests.Minimization_Operations(Tests.java:1775)
	at java.base/jdk.internal.reflect.NativeMethodAccessorImpl.invoke0(Native Method)
	at java.base/jdk.internal.reflect.NativeMethodAccessorImpl.invoke(NativeMethodAccessorImpl.java:62)
	at java.base/jdk.internal.reflect.DelegatingMethodAccessorImpl.invoke(DelegatingMethodAccessorImpl.java:43)
	at java.base/java.lang.reflect.Method.invoke(Method.java:567)
	at org.junit.platform.commons.util.ReflectionUtils.invokeMethod(ReflectionUtils.java:686)
	at org.junit.jupiter.engine.execution.MethodInvocation.proceed(MethodInvocation.java:60)
	at org.junit.jupiter.engine.execution.InvocationInterceptorChain$ValidatingInvocation.proceed(InvocationInterceptorChain.java:131)
	at org.junit.jupiter.engine.extension.TimeoutExtension.intercept(TimeoutExtension.java:149)
	at org.junit.jupiter.engine.extension.TimeoutExtension.interceptTestableMethod(TimeoutExtension.java:140)
	at org.junit.jupiter.engine.extension.TimeoutExtension.interceptTestMethod(TimeoutExtension.java:84)
	at org.junit.jupiter.engine.execution.ExecutableInvoker$ReflectiveInterceptorCall.lambda$ofVoidMethod$0(ExecutableInvoker.java:115)
	at org.junit.jupiter.engine.execution.ExecutableInvoker.lambda$invoke$0(ExecutableInvoker.java:105)
	at org.junit.jupiter.engine.execution.InvocationInterceptorChain$InterceptedInvocation.proceed(InvocationInterceptorChain.java:106)
	at org.junit.jupiter.engine.execution.InvocationInterceptorChain.proceed(InvocationInterceptorChain.java:64)
	at org.junit.jupiter.engine.execution.InvocationInterceptorChain.chainAndInvoke(InvocationInterceptorChain.java:45)
	at org.junit.jupiter.engine.execution.InvocationInterceptorChain.invoke(InvocationInterceptorChain.java:37)
	at org.junit.jupiter.engine.execution.ExecutableInvoker.invoke(ExecutableInvoker.java:104)
	at org.junit.jupiter.engine.execution.ExecutableInvoker.invoke(ExecutableInvoker.java:98)
	at org.junit.jupiter.engine.descriptor.TestMethodTestDescriptor.lambda$invokeTestMethod$6(TestMethodTestDescriptor.java:205)
	at org.junit.platform.engine.support.hierarchical.ThrowableCollector.execute(ThrowableCollector.java:73)
	at org.junit.jupiter.engine.descriptor.TestMethodTestDescriptor.invokeTestMethod(TestMethodTestDescriptor.java:201)
	at org.junit.jupiter.engine.descriptor.TestMethodTestDescriptor.execute(TestMethodTestDescriptor.java:137)
	at org.junit.jupiter.engine.descriptor.TestMethodTestDescriptor.execute(TestMethodTestDescriptor.java:71)
	at org.junit.platform.engine.support.hierarchical.NodeTestTask.lambda$executeRecursively$5(NodeTestTask.java:135)
	at org.junit.platform.engine.support.hierarchical.ThrowableCollector.execute(ThrowableCollector.java:73)
	at org.junit.platform.engine.support.hierarchical.NodeTestTask.lambda$executeRecursively$7(NodeTestTask.java:125)
	at org.junit.platform.engine.support.hierarchical.Node.around(Node.java:135)
	at org.junit.platform.engine.support.hierarchical.NodeTestTask.lambda$executeRecursively$8(NodeTestTask.java:123)
	at org.junit.platform.engine.support.hierarchical.ThrowableCollector.execute(ThrowableCollector.java:73)
	at org.junit.platform.engine.support.hierarchical.NodeTestTask.executeRecursively(NodeTestTask.java:122)
	at org.junit.platform.engine.support.hierarchical.NodeTestTask.execute(NodeTestTask.java:80)
	at java.base/java.util.ArrayList.forEach(ArrayList.java:1507)
	at org.junit.platform.engine.support.hierarchical.SameThreadHierarchicalTestExecutorService.invokeAll(SameThreadHierarchicalTestExecutorService.java:38)
	at org.junit.platform.engine.support.hierarchical.NodeTestTask.lambda$executeRecursively$5(NodeTestTask.java:139)
	at org.junit.platform.engine.support.hierarchical.ThrowableCollector.execute(ThrowableCollector.java:73)
	at org.junit.platform.engine.support.hierarchical.NodeTestTask.lambda$executeRecursively$7(NodeTestTask.java:125)
	at org.junit.platform.engine.support.hierarchical.Node.around(Node.java:135)
	at org.junit.platform.engine.support.hierarchical.NodeTestTask.lambda$executeRecursively$8(NodeTestTask.java:123)
	at org.junit.platform.engine.support.hierarchical.ThrowableCollector.execute(ThrowableCollector.java:73)
	at org.junit.platform.engine.support.hierarchical.NodeTestTask.executeRecursively(NodeTestTask.java:122)
	at org.junit.platform.engine.support.hierarchical.NodeTestTask.execute(NodeTestTask.java:80)
	at java.base/java.util.ArrayList.forEach(ArrayList.java:1507)
	at org.junit.platform.engine.support.hierarchical.SameThreadHierarchicalTestExecutorService.invokeAll(SameThreadHierarchicalTestExecutorService.java:38)
	at org.junit.platform.engine.support.hierarchical.NodeTestTask.lambda$executeRecursively$5(NodeTestTask.java:139)
	at org.junit.platform.engine.support.hierarchical.ThrowableCollector.execute(ThrowableCollector.java:73)
	at org.junit.platform.engine.support.hierarchical.NodeTestTask.lambda$executeRecursively$7(NodeTestTask.java:125)
	at org.junit.platform.engine.support.hierarchical.Node.around(Node.java:135)
	at org.junit.platform.engine.support.hierarchical.NodeTestTask.lambda$executeRecursively$8(NodeTestTask.java:123)
	at org.junit.platform.engine.support.hierarchical.ThrowableCollector.execute(ThrowableCollector.java:73)
	at org.junit.platform.engine.support.hierarchical.NodeTestTask.executeRecursively(NodeTestTask.java:122)
	at org.junit.platform.engine.support.hierarchical.NodeTestTask.execute(NodeTestTask.java:80)
	at org.junit.platform.engine.support.hierarchical.SameThreadHierarchicalTestExecutorService.submit(SameThreadHierarchicalTestExecutorService.java:32)
	at org.junit.platform.engine.support.hierarchical.HierarchicalTestExecutor.execute(HierarchicalTestExecutor.java:57)
	at org.junit.platform.engine.support.hierarchical.HierarchicalTestEngine.execute(HierarchicalTestEngine.java:51)
	at org.junit.platform.launcher.core.DefaultLauncher.execute(DefaultLauncher.java:248)
	at org.junit.platform.launcher.core.DefaultLauncher.lambda$execute$5(DefaultLauncher.java:211)
	at org.junit.platform.launcher.core.DefaultLauncher.withInterceptedStreams(DefaultLauncher.java:226)
	at org.junit.platform.launcher.core.DefaultLauncher.execute(DefaultLauncher.java:199)
	at org.junit.platform.launcher.core.DefaultLauncher.execute(DefaultLauncher.java:132)
	at org.gradle.api.internal.tasks.testing.junitplatform.JUnitPlatformTestClassProcessor$CollectAllTestClassesExecutor.processAllTestClasses(JUnitPlatformTestClassProcessor.java:99)
	at org.gradle.api.internal.tasks.testing.junitplatform.JUnitPlatformTestClassProcessor$CollectAllTestClassesExecutor.access$000(JUnitPlatformTestClassProcessor.java:79)
	at org.gradle.api.internal.tasks.testing.junitplatform.JUnitPlatformTestClassProcessor.stop(JUnitPlatformTestClassProcessor.java:75)
	at org.gradle.api.internal.tasks.testing.SuiteTestClassProcessor.stop(SuiteTestClassProcessor.java:61)
	at java.base/jdk.internal.reflect.NativeMethodAccessorImpl.invoke0(Native Method)
	at java.base/jdk.internal.reflect.NativeMethodAccessorImpl.invoke(NativeMethodAccessorImpl.java:62)
	at java.base/jdk.internal.reflect.DelegatingMethodAccessorImpl.invoke(DelegatingMethodAccessorImpl.java:43)
	at java.base/java.lang.reflect.Method.invoke(Method.java:567)
	at org.gradle.internal.dispatch.ReflectionDispatch.dispatch(ReflectionDispatch.java:36)
	at org.gradle.internal.dispatch.ReflectionDispatch.dispatch(ReflectionDispatch.java:24)
	at org.gradle.internal.dispatch.ContextClassLoaderDispatch.dispatch(ContextClassLoaderDispatch.java:33)
	at org.gradle.internal.dispatch.ProxyDispatchAdapter$DispatchingInvocationHandler.invoke(ProxyDispatchAdapter.java:94)
	at com.sun.proxy.$Proxy2.stop(Unknown Source)
	at org.gradle.api.internal.tasks.testing.worker.TestWorker.stop(TestWorker.java:133)
	at java.base/jdk.internal.reflect.NativeMethodAccessorImpl.invoke0(Native Method)
	at java.base/jdk.internal.reflect.NativeMethodAccessorImpl.invoke(NativeMethodAccessorImpl.java:62)
	at java.base/jdk.internal.reflect.DelegatingMethodAccessorImpl.invoke(DelegatingMethodAccessorImpl.java:43)
	at java.base/java.lang.reflect.Method.invoke(Method.java:567)
	at org.gradle.internal.dispatch.ReflectionDispatch.dispatch(ReflectionDispatch.java:36)
	at org.gradle.internal.dispatch.ReflectionDispatch.dispatch(ReflectionDispatch.java:24)
	at org.gradle.internal.remote.internal.hub.MessageHubBackedObjectConnection$DispatchWrapper.dispatch(MessageHubBackedObjectConnection.java:182)
	at org.gradle.internal.remote.internal.hub.MessageHubBackedObjectConnection$DispatchWrapper.dispatch(MessageHubBackedObjectConnection.java:164)
	at org.gradle.internal.remote.internal.hub.MessageHub$Handler.run(MessageHub.java:414)
	at org.gradle.internal.concurrent.ExecutorPolicy$CatchAndRecordFailures.onExecute(ExecutorPolicy.java:64)
	at org.gradle.internal.concurrent.ManagedExecutorImpl$1.run(ManagedExecutorImpl.java:48)
	at java.base/java.util.concurrent.ThreadPoolExecutor.runWorker(ThreadPoolExecutor.java:1128)
	at java.base/java.util.concurrent.ThreadPoolExecutor$Worker.run(ThreadPoolExecutor.java:628)
	at org.gradle.internal.concurrent.ThreadFactoryImpl$ManagedThreadRunnable.run(ThreadFactoryImpl.java:56)
	at java.base/java.lang.Thread.run(Thread.java:830)
</failure>
  </testcase>
  <testcase name="Minimization_SingleCharacter()" classname="ab2.Tests" time="0.058">
    <failure message="java.lang.StackOverflowError" type="java.lang.StackOverflowError">java.lang.StackOverflowError
	at java.base/java.util.HashMap.putVal(HashMap.java:629)
	at java.base/java.util.HashMap.put(HashMap.java:612)
	at java.base/java.util.HashSet.add(HashSet.java:220)
	at ab2.impl.PRUELLERRADLER.FA.getEpsilonQuant(FA.java:117)
	at ab2.impl.PRUELLERRADLER.FA.getEpsilonQuant(FA.java:120)
	at ab2.impl.PRUELLERRADLER.FA.getEpsilonQuant(FA.java:120)
	at ab2.impl.PRUELLERRADLER.FA.getEpsilonQuant(FA.java:120)
	at ab2.impl.PRUELLERRADLER.FA.getEpsilonQuant(FA.java:120)
	at ab2.impl.PRUELLERRADLER.FA.getEpsilonQuant(FA.java:120)
	at ab2.impl.PRUELLERRADLER.FA.getEpsilonQuant(FA.java:120)
	at ab2.impl.PRUELLERRADLER.FA.getEpsilonQuant(FA.java:120)
	at ab2.impl.PRUELLERRADLER.FA.getEpsilonQuant(FA.java:120)
	at ab2.impl.PRUELLERRADLER.FA.getEpsilonQuant(FA.java:120)
	at ab2.impl.PRUELLERRADLER.FA.getEpsilonQuant(FA.java:120)
	at ab2.impl.PRUELLERRADLER.FA.getEpsilonQuant(FA.java:120)
	at ab2.impl.PRUELLERRADLER.FA.getEpsilonQuant(FA.java:120)
	at ab2.impl.PRUELLERRADLER.FA.getEpsilonQuant(FA.java:120)
	at ab2.impl.PRUELLERRADLER.FA.getEpsilonQuant(FA.java:120)
	at ab2.impl.PRUELLERRADLER.FA.getEpsilonQuant(FA.java:120)
	at ab2.impl.PRUELLERRADLER.FA.getEpsilonQuant(FA.java:120)
	at ab2.impl.PRUELLERRADLER.FA.getEpsilonQuant(FA.java:120)
	at ab2.impl.PRUELLERRADLER.FA.getEpsilonQuant(FA.java:120)
	at ab2.impl.PRUELLERRADLER.FA.getEpsilonQuant(FA.java:120)
	at ab2.impl.PRUELLERRADLER.FA.getEpsilonQuant(FA.java:120)
	at ab2.impl.PRUELLERRADLER.FA.getEpsilonQuant(FA.java:120)
	at ab2.impl.PRUELLERRADLER.FA.getEpsilonQuant(FA.java:120)
	at ab2.impl.PRUELLERRADLER.FA.getEpsilonQuant(FA.java:120)
	at ab2.impl.PRUELLERRADLER.FA.getEpsilonQuant(FA.java:120)
	at ab2.impl.PRUELLERRADLER.FA.getEpsilonQuant(FA.java:120)
	at ab2.impl.PRUELLERRADLER.FA.getEpsilonQuant(FA.java:120)
	at ab2.impl.PRUELLERRADLER.FA.getEpsilonQuant(FA.java:120)
	at ab2.impl.PRUELLERRADLER.FA.getEpsilonQuant(FA.java:120)
	at ab2.impl.PRUELLERRADLER.FA.getEpsilonQuant(FA.java:120)
	at ab2.impl.PRUELLERRADLER.FA.getEpsilonQuant(FA.java:120)
	at ab2.impl.PRUELLERRADLER.FA.getEpsilonQuant(FA.java:120)
	at ab2.impl.PRUELLERRADLER.FA.getEpsilonQuant(FA.java:120)
	at ab2.impl.PRUELLERRADLER.FA.getEpsilonQuant(FA.java:120)
	at ab2.impl.PRUELLERRADLER.FA.getEpsilonQuant(FA.java:120)
	at ab2.impl.PRUELLERRADLER.FA.getEpsilonQuant(FA.java:120)
	at ab2.impl.PRUELLERRADLER.FA.getEpsilonQuant(FA.java:120)
	at ab2.impl.PRUELLERRADLER.FA.getEpsilonQuant(FA.java:120)
	at ab2.impl.PRUELLERRADLER.FA.getEpsilonQuant(FA.java:120)
	at ab2.impl.PRUELLERRADLER.FA.getEpsilonQuant(FA.java:120)
	at ab2.impl.PRUELLERRADLER.FA.getEpsilonQuant(FA.java:120)
	at ab2.impl.PRUELLERRADLER.FA.getEpsilonQuant(FA.java:120)
	at ab2.impl.PRUELLERRADLER.FA.getEpsilonQuant(FA.java:120)
	at ab2.impl.PRUELLERRADLER.FA.getEpsilonQuant(FA.java:120)
	at ab2.impl.PRUELLERRADLER.FA.getEpsilonQuant(FA.java:120)
	at ab2.impl.PRUELLERRADLER.FA.getEpsilonQuant(FA.java:120)
	at ab2.impl.PRUELLERRADLER.FA.getEpsilonQuant(FA.java:120)
	at ab2.impl.PRUELLERRADLER.FA.getEpsilonQuant(FA.java:120)
	at ab2.impl.PRUELLERRADLER.FA.getEpsilonQuant(FA.java:120)
	at ab2.impl.PRUELLERRADLER.FA.getEpsilonQuant(FA.java:120)
	at ab2.impl.PRUELLERRADLER.FA.getEpsilonQuant(FA.java:120)
	at ab2.impl.PRUELLERRADLER.FA.getEpsilonQuant(FA.java:120)
	at ab2.impl.PRUELLERRADLER.FA.getEpsilonQuant(FA.java:120)
	at ab2.impl.PRUELLERRADLER.FA.getEpsilonQuant(FA.java:120)
	at ab2.impl.PRUELLERRADLER.FA.getEpsilonQuant(FA.java:120)
	at ab2.impl.PRUELLERRADLER.FA.getEpsilonQuant(FA.java:120)
	at ab2.impl.PRUELLERRADLER.FA.getEpsilonQuant(FA.java:120)
	at ab2.impl.PRUELLERRADLER.FA.getEpsilonQuant(FA.java:120)
	at ab2.impl.PRUELLERRADLER.FA.getEpsilonQuant(FA.java:120)
	at ab2.impl.PRUELLERRADLER.FA.getEpsilonQuant(FA.java:120)
	at ab2.impl.PRUELLERRADLER.FA.getEpsilonQuant(FA.java:120)
	at ab2.impl.PRUELLERRADLER.FA.getEpsilonQuant(FA.java:120)
	at ab2.impl.PRUELLERRADLER.FA.getEpsilonQuant(FA.java:120)
	at ab2.impl.PRUELLERRADLER.FA.getEpsilonQuant(FA.java:120)
	at ab2.impl.PRUELLERRADLER.FA.getEpsilonQuant(FA.java:120)
	at ab2.impl.PRUELLERRADLER.FA.getEpsilonQuant(FA.java:120)
	at ab2.impl.PRUELLERRADLER.FA.getEpsilonQuant(FA.java:120)
	at ab2.impl.PRUELLERRADLER.FA.getEpsilonQuant(FA.java:120)
	at ab2.impl.PRUELLERRADLER.FA.getEpsilonQuant(FA.java:120)
	at ab2.impl.PRUELLERRADLER.FA.getEpsilonQuant(FA.java:120)
	at ab2.impl.PRUELLERRADLER.FA.getEpsilonQuant(FA.java:120)
	at ab2.impl.PRUELLERRADLER.FA.getEpsilonQuant(FA.java:120)
	at ab2.impl.PRUELLERRADLER.FA.getEpsilonQuant(FA.java:120)
	at ab2.impl.PRUELLERRADLER.FA.getEpsilonQuant(FA.java:120)
	at ab2.impl.PRUELLERRADLER.FA.getEpsilonQuant(FA.java:120)
	at ab2.impl.PRUELLERRADLER.FA.getEpsilonQuant(FA.java:120)
	at ab2.impl.PRUELLERRADLER.FA.getEpsilonQuant(FA.java:120)
	at ab2.impl.PRUELLERRADLER.FA.getEpsilonQuant(FA.java:120)
	at ab2.impl.PRUELLERRADLER.FA.getEpsilonQuant(FA.java:120)
	at ab2.impl.PRUELLERRADLER.FA.getEpsilonQuant(FA.java:120)
	at ab2.impl.PRUELLERRADLER.FA.getEpsilonQuant(FA.java:120)
	at ab2.impl.PRUELLERRADLER.FA.getEpsilonQuant(FA.java:120)
	at ab2.impl.PRUELLERRADLER.FA.getEpsilonQuant(FA.java:120)
	at ab2.impl.PRUELLERRADLER.FA.getEpsilonQuant(FA.java:120)
	at ab2.impl.PRUELLERRADLER.FA.getEpsilonQuant(FA.java:120)
	at ab2.impl.PRUELLERRADLER.FA.getEpsilonQuant(FA.java:120)
	at ab2.impl.PRUELLERRADLER.FA.getEpsilonQuant(FA.java:120)
	at ab2.impl.PRUELLERRADLER.FA.getEpsilonQuant(FA.java:120)
	at ab2.impl.PRUELLERRADLER.FA.getEpsilonQuant(FA.java:120)
	at ab2.impl.PRUELLERRADLER.FA.getEpsilonQuant(FA.java:120)
	at ab2.impl.PRUELLERRADLER.FA.getEpsilonQuant(FA.java:120)
	at ab2.impl.PRUELLERRADLER.FA.getEpsilonQuant(FA.java:120)
	at ab2.impl.PRUELLERRADLER.FA.getEpsilonQuant(FA.java:120)
	at ab2.impl.PRUELLERRADLER.FA.getEpsilonQuant(FA.java:120)
	at ab2.impl.PRUELLERRADLER.FA.getEpsilonQuant(FA.java:120)
	at ab2.impl.PRUELLERRADLER.FA.getEpsilonQuant(FA.java:120)
	at ab2.impl.PRUELLERRADLER.FA.getEpsilonQuant(FA.java:120)
	at ab2.impl.PRUELLERRADLER.FA.getEpsilonQuant(FA.java:120)
	at ab2.impl.PRUELLERRADLER.FA.getEpsilonQuant(FA.java:120)
	at ab2.impl.PRUELLERRADLER.FA.getEpsilonQuant(FA.java:120)
	at ab2.impl.PRUELLERRADLER.FA.getEpsilonQuant(FA.java:120)
	at ab2.impl.PRUELLERRADLER.FA.getEpsilonQuant(FA.java:120)
	at ab2.impl.PRUELLERRADLER.FA.getEpsilonQuant(FA.java:120)
	at ab2.impl.PRUELLERRADLER.FA.getEpsilonQuant(FA.java:120)
	at ab2.impl.PRUELLERRADLER.FA.getEpsilonQuant(FA.java:120)
	at ab2.impl.PRUELLERRADLER.FA.getEpsilonQuant(FA.java:120)
	at ab2.impl.PRUELLERRADLER.FA.getEpsilonQuant(FA.java:120)
	at ab2.impl.PRUELLERRADLER.FA.getEpsilonQuant(FA.java:120)
	at ab2.impl.PRUELLERRADLER.FA.getEpsilonQuant(FA.java:120)
	at ab2.impl.PRUELLERRADLER.FA.getEpsilonQuant(FA.java:120)
	at ab2.impl.PRUELLERRADLER.FA.getEpsilonQuant(FA.java:120)
	at ab2.impl.PRUELLERRADLER.FA.getEpsilonQuant(FA.java:120)
	at ab2.impl.PRUELLERRADLER.FA.getEpsilonQuant(FA.java:120)
	at ab2.impl.PRUELLERRADLER.FA.getEpsilonQuant(FA.java:120)
	at ab2.impl.PRUELLERRADLER.FA.getEpsilonQuant(FA.java:120)
	at ab2.impl.PRUELLERRADLER.FA.getEpsilonQuant(FA.java:120)
	at ab2.impl.PRUELLERRADLER.FA.getEpsilonQuant(FA.java:120)
	at ab2.impl.PRUELLERRADLER.FA.getEpsilonQuant(FA.java:120)
	at ab2.impl.PRUELLERRADLER.FA.getEpsilonQuant(FA.java:120)
	at ab2.impl.PRUELLERRADLER.FA.getEpsilonQuant(FA.java:120)
	at ab2.impl.PRUELLERRADLER.FA.getEpsilonQuant(FA.java:120)
	at ab2.impl.PRUELLERRADLER.FA.getEpsilonQuant(FA.java:120)
	at ab2.impl.PRUELLERRADLER.FA.getEpsilonQuant(FA.java:120)
	at ab2.impl.PRUELLERRADLER.FA.getEpsilonQuant(FA.java:120)
	at ab2.impl.PRUELLERRADLER.FA.getEpsilonQuant(FA.java:120)
	at ab2.impl.PRUELLERRADLER.FA.getEpsilonQuant(FA.java:120)
	at ab2.impl.PRUELLERRADLER.FA.getEpsilonQuant(FA.java:120)
	at ab2.impl.PRUELLERRADLER.FA.getEpsilonQuant(FA.java:120)
	at ab2.impl.PRUELLERRADLER.FA.getEpsilonQuant(FA.java:120)
	at ab2.impl.PRUELLERRADLER.FA.getEpsilonQuant(FA.java:120)
	at ab2.impl.PRUELLERRADLER.FA.getEpsilonQuant(FA.java:120)
	at ab2.impl.PRUELLERRADLER.FA.getEpsilonQuant(FA.java:120)
	at ab2.impl.PRUELLERRADLER.FA.getEpsilonQuant(FA.java:120)
	at ab2.impl.PRUELLERRADLER.FA.getEpsilonQuant(FA.java:120)
	at ab2.impl.PRUELLERRADLER.FA.getEpsilonQuant(FA.java:120)
	at ab2.impl.PRUELLERRADLER.FA.getEpsilonQuant(FA.java:120)
	at ab2.impl.PRUELLERRADLER.FA.getEpsilonQuant(FA.java:120)
	at ab2.impl.PRUELLERRADLER.FA.getEpsilonQuant(FA.java:120)
	at ab2.impl.PRUELLERRADLER.FA.getEpsilonQuant(FA.java:120)
	at ab2.impl.PRUELLERRADLER.FA.getEpsilonQuant(FA.java:120)
	at ab2.impl.PRUELLERRADLER.FA.getEpsilonQuant(FA.java:120)
	at ab2.impl.PRUELLERRADLER.FA.getEpsilonQuant(FA.java:120)
	at ab2.impl.PRUELLERRADLER.FA.getEpsilonQuant(FA.java:120)
	at ab2.impl.PRUELLERRADLER.FA.getEpsilonQuant(FA.java:120)
	at ab2.impl.PRUELLERRADLER.FA.getEpsilonQuant(FA.java:120)
	at ab2.impl.PRUELLERRADLER.FA.getEpsilonQuant(FA.java:120)
	at ab2.impl.PRUELLERRADLER.FA.getEpsilonQuant(FA.java:120)
	at ab2.impl.PRUELLERRADLER.FA.getEpsilonQuant(FA.java:120)
	at ab2.impl.PRUELLERRADLER.FA.getEpsilonQuant(FA.java:120)
	at ab2.impl.PRUELLERRADLER.FA.getEpsilonQuant(FA.java:120)
	at ab2.impl.PRUELLERRADLER.FA.getEpsilonQuant(FA.java:120)
	at ab2.impl.PRUELLERRADLER.FA.getEpsilonQuant(FA.java:120)
	at ab2.impl.PRUELLERRADLER.FA.getEpsilonQuant(FA.java:120)
	at ab2.impl.PRUELLERRADLER.FA.getEpsilonQuant(FA.java:120)
	at ab2.impl.PRUELLERRADLER.FA.getEpsilonQuant(FA.java:120)
	at ab2.impl.PRUELLERRADLER.FA.getEpsilonQuant(FA.java:120)
	at ab2.impl.PRUELLERRADLER.FA.getEpsilonQuant(FA.java:120)
	at ab2.impl.PRUELLERRADLER.FA.getEpsilonQuant(FA.java:120)
	at ab2.impl.PRUELLERRADLER.FA.getEpsilonQuant(FA.java:120)
	at ab2.impl.PRUELLERRADLER.FA.getEpsilonQuant(FA.java:120)
	at ab2.impl.PRUELLERRADLER.FA.getEpsilonQuant(FA.java:120)
	at ab2.impl.PRUELLERRADLER.FA.getEpsilonQuant(FA.java:120)
	at ab2.impl.PRUELLERRADLER.FA.getEpsilonQuant(FA.java:120)
	at ab2.impl.PRUELLERRADLER.FA.getEpsilonQuant(FA.java:120)
	at ab2.impl.PRUELLERRADLER.FA.getEpsilonQuant(FA.java:120)
	at ab2.impl.PRUELLERRADLER.FA.getEpsilonQuant(FA.java:120)
	at ab2.impl.PRUELLERRADLER.FA.getEpsilonQuant(FA.java:120)
	at ab2.impl.PRUELLERRADLER.FA.getEpsilonQuant(FA.java:120)
	at ab2.impl.PRUELLERRADLER.FA.getEpsilonQuant(FA.java:120)
	at ab2.impl.PRUELLERRADLER.FA.getEpsilonQuant(FA.java:120)
	at ab2.impl.PRUELLERRADLER.FA.getEpsilonQuant(FA.java:120)
	at ab2.impl.PRUELLERRADLER.FA.getEpsilonQuant(FA.java:120)
	at ab2.impl.PRUELLERRADLER.FA.getEpsilonQuant(FA.java:120)
	at ab2.impl.PRUELLERRADLER.FA.getEpsilonQuant(FA.java:120)
	at ab2.impl.PRUELLERRADLER.FA.getEpsilonQuant(FA.java:120)
	at ab2.impl.PRUELLERRADLER.FA.getEpsilonQuant(FA.java:120)
	at ab2.impl.PRUELLERRADLER.FA.getEpsilonQuant(FA.java:120)
	at ab2.impl.PRUELLERRADLER.FA.getEpsilonQuant(FA.java:120)
	at ab2.impl.PRUELLERRADLER.FA.getEpsilonQuant(FA.java:120)
	at ab2.impl.PRUELLERRADLER.FA.getEpsilonQuant(FA.java:120)
	at ab2.impl.PRUELLERRADLER.FA.getEpsilonQuant(FA.java:120)
	at ab2.impl.PRUELLERRADLER.FA.getEpsilonQuant(FA.java:120)
	at ab2.impl.PRUELLERRADLER.FA.getEpsilonQuant(FA.java:120)
	at ab2.impl.PRUELLERRADLER.FA.getEpsilonQuant(FA.java:120)
	at ab2.impl.PRUELLERRADLER.FA.getEpsilonQuant(FA.java:120)
	at ab2.impl.PRUELLERRADLER.FA.getEpsilonQuant(FA.java:120)
	at ab2.impl.PRUELLERRADLER.FA.getEpsilonQuant(FA.java:120)
	at ab2.impl.PRUELLERRADLER.FA.getEpsilonQuant(FA.java:120)
	at ab2.impl.PRUELLERRADLER.FA.getEpsilonQuant(FA.java:120)
	at ab2.impl.PRUELLERRADLER.FA.getEpsilonQuant(FA.java:120)
	at ab2.impl.PRUELLERRADLER.FA.getEpsilonQuant(FA.java:120)
	at ab2.impl.PRUELLERRADLER.FA.getEpsilonQuant(FA.java:120)
	at ab2.impl.PRUELLERRADLER.FA.getEpsilonQuant(FA.java:120)
	at ab2.impl.PRUELLERRADLER.FA.getEpsilonQuant(FA.java:120)
	at ab2.impl.PRUELLERRADLER.FA.getEpsilonQuant(FA.java:120)
	at ab2.impl.PRUELLERRADLER.FA.getEpsilonQuant(FA.java:120)
	at ab2.impl.PRUELLERRADLER.FA.getEpsilonQuant(FA.java:120)
	at ab2.impl.PRUELLERRADLER.FA.getEpsilonQuant(FA.java:120)
	at ab2.impl.PRUELLERRADLER.FA.getEpsilonQuant(FA.java:120)
	at ab2.impl.PRUELLERRADLER.FA.getEpsilonQuant(FA.java:120)
	at ab2.impl.PRUELLERRADLER.FA.getEpsilonQuant(FA.java:120)
	at ab2.impl.PRUELLERRADLER.FA.getEpsilonQuant(FA.java:120)
	at ab2.impl.PRUELLERRADLER.FA.getEpsilonQuant(FA.java:120)
	at ab2.impl.PRUELLERRADLER.FA.getEpsilonQuant(FA.java:120)
	at ab2.impl.PRUELLERRADLER.FA.getEpsilonQuant(FA.java:120)
	at ab2.impl.PRUELLERRADLER.FA.getEpsilonQuant(FA.java:120)
	at ab2.impl.PRUELLERRADLER.FA.getEpsilonQuant(FA.java:120)
	at ab2.impl.PRUELLERRADLER.FA.getEpsilonQuant(FA.java:120)
	at ab2.impl.PRUELLERRADLER.FA.getEpsilonQuant(FA.java:120)
	at ab2.impl.PRUELLERRADLER.FA.getEpsilonQuant(FA.java:120)
	at ab2.impl.PRUELLERRADLER.FA.getEpsilonQuant(FA.java:120)
	at ab2.impl.PRUELLERRADLER.FA.getEpsilonQuant(FA.java:120)
	at ab2.impl.PRUELLERRADLER.FA.getEpsilonQuant(FA.java:120)
	at ab2.impl.PRUELLERRADLER.FA.getEpsilonQuant(FA.java:120)
	at ab2.impl.PRUELLERRADLER.FA.getEpsilonQuant(FA.java:120)
	at ab2.impl.PRUELLERRADLER.FA.getEpsilonQuant(FA.java:120)
	at ab2.impl.PRUELLERRADLER.FA.getEpsilonQuant(FA.java:120)
	at ab2.impl.PRUELLERRADLER.FA.getEpsilonQuant(FA.java:120)
	at ab2.impl.PRUELLERRADLER.FA.getEpsilonQuant(FA.java:120)
	at ab2.impl.PRUELLERRADLER.FA.getEpsilonQuant(FA.java:120)
	at ab2.impl.PRUELLERRADLER.FA.getEpsilonQuant(FA.java:120)
	at ab2.impl.PRUELLERRADLER.FA.getEpsilonQuant(FA.java:120)
	at ab2.impl.PRUELLERRADLER.FA.getEpsilonQuant(FA.java:120)
	at ab2.impl.PRUELLERRADLER.FA.getEpsilonQuant(FA.java:120)
	at ab2.impl.PRUELLERRADLER.FA.getEpsilonQuant(FA.java:120)
	at ab2.impl.PRUELLERRADLER.FA.getEpsilonQuant(FA.java:120)
	at ab2.impl.PRUELLERRADLER.FA.getEpsilonQuant(FA.java:120)
	at ab2.impl.PRUELLERRADLER.FA.getEpsilonQuant(FA.java:120)
	at ab2.impl.PRUELLERRADLER.FA.getEpsilonQuant(FA.java:120)
	at ab2.impl.PRUELLERRADLER.FA.getEpsilonQuant(FA.java:120)
	at ab2.impl.PRUELLERRADLER.FA.getEpsilonQuant(FA.java:120)
	at ab2.impl.PRUELLERRADLER.FA.getEpsilonQuant(FA.java:120)
	at ab2.impl.PRUELLERRADLER.FA.getEpsilonQuant(FA.java:120)
	at ab2.impl.PRUELLERRADLER.FA.getEpsilonQuant(FA.java:120)
	at ab2.impl.PRUELLERRADLER.FA.getEpsilonQuant(FA.java:120)
	at ab2.impl.PRUELLERRADLER.FA.getEpsilonQuant(FA.java:120)
	at ab2.impl.PRUELLERRADLER.FA.getEpsilonQuant(FA.java:120)
	at ab2.impl.PRUELLERRADLER.FA.getEpsilonQuant(FA.java:120)
	at ab2.impl.PRUELLERRADLER.FA.getEpsilonQuant(FA.java:120)
	at ab2.impl.PRUELLERRADLER.FA.getEpsilonQuant(FA.java:120)
	at ab2.impl.PRUELLERRADLER.FA.getEpsilonQuant(FA.java:120)
	at ab2.impl.PRUELLERRADLER.FA.getEpsilonQuant(FA.java:120)
	at ab2.impl.PRUELLERRADLER.FA.getEpsilonQuant(FA.java:120)
	at ab2.impl.PRUELLERRADLER.FA.getEpsilonQuant(FA.java:120)
	at ab2.impl.PRUELLERRADLER.FA.getEpsilonQuant(FA.java:120)
	at ab2.impl.PRUELLERRADLER.FA.getEpsilonQuant(FA.java:120)
	at ab2.impl.PRUELLERRADLER.FA.getEpsilonQuant(FA.java:120)
	at ab2.impl.PRUELLERRADLER.FA.getEpsilonQuant(FA.java:120)
	at ab2.impl.PRUELLERRADLER.FA.getEpsilonQuant(FA.java:120)
	at ab2.impl.PRUELLERRADLER.FA.getEpsilonQuant(FA.java:120)
	at ab2.impl.PRUELLERRADLER.FA.getEpsilonQuant(FA.java:120)
	at ab2.impl.PRUELLERRADLER.FA.getEpsilonQuant(FA.java:120)
	at ab2.impl.PRUELLERRADLER.FA.getEpsilonQuant(FA.java:120)
	at ab2.impl.PRUELLERRADLER.FA.getEpsilonQuant(FA.java:120)
	at ab2.impl.PRUELLERRADLER.FA.getEpsilonQuant(FA.java:120)
	at ab2.impl.PRUELLERRADLER.FA.getEpsilonQuant(FA.java:120)
	at ab2.impl.PRUELLERRADLER.FA.getEpsilonQuant(FA.java:120)
	at ab2.impl.PRUELLERRADLER.FA.getEpsilonQuant(FA.java:120)
	at ab2.impl.PRUELLERRADLER.FA.getEpsilonQuant(FA.java:120)
	at ab2.impl.PRUELLERRADLER.FA.getEpsilonQuant(FA.java:120)
	at ab2.impl.PRUELLERRADLER.FA.getEpsilonQuant(FA.java:120)
	at ab2.impl.PRUELLERRADLER.FA.getEpsilonQuant(FA.java:120)
	at ab2.impl.PRUELLERRADLER.FA.getEpsilonQuant(FA.java:120)
	at ab2.impl.PRUELLERRADLER.FA.getEpsilonQuant(FA.java:120)
	at ab2.impl.PRUELLERRADLER.FA.getEpsilonQuant(FA.java:120)
	at ab2.impl.PRUELLERRADLER.FA.getEpsilonQuant(FA.java:120)
	at ab2.impl.PRUELLERRADLER.FA.getEpsilonQuant(FA.java:120)
	at ab2.impl.PRUELLERRADLER.FA.getEpsilonQuant(FA.java:120)
	at ab2.impl.PRUELLERRADLER.FA.getEpsilonQuant(FA.java:120)
	at ab2.impl.PRUELLERRADLER.FA.getEpsilonQuant(FA.java:120)
	at ab2.impl.PRUELLERRADLER.FA.getEpsilonQuant(FA.java:120)
	at ab2.impl.PRUELLERRADLER.FA.getEpsilonQuant(FA.java:120)
	at ab2.impl.PRUELLERRADLER.FA.getEpsilonQuant(FA.java:120)
	at ab2.impl.PRUELLERRADLER.FA.getEpsilonQuant(FA.java:120)
	at ab2.impl.PRUELLERRADLER.FA.getEpsilonQuant(FA.java:120)
	at ab2.impl.PRUELLERRADLER.FA.getEpsilonQuant(FA.java:120)
	at ab2.impl.PRUELLERRADLER.FA.getEpsilonQuant(FA.java:120)
	at ab2.impl.PRUELLERRADLER.FA.getEpsilonQuant(FA.java:120)
	at ab2.impl.PRUELLERRADLER.FA.getEpsilonQuant(FA.java:120)
	at ab2.impl.PRUELLERRADLER.FA.getEpsilonQuant(FA.java:120)
	at ab2.impl.PRUELLERRADLER.FA.getEpsilonQuant(FA.java:120)
	at ab2.impl.PRUELLERRADLER.FA.getEpsilonQuant(FA.java:120)
	at ab2.impl.PRUELLERRADLER.FA.getEpsilonQuant(FA.java:120)
	at ab2.impl.PRUELLERRADLER.FA.getEpsilonQuant(FA.java:120)
	at ab2.impl.PRUELLERRADLER.FA.getEpsilonQuant(FA.java:120)
	at ab2.impl.PRUELLERRADLER.FA.getEpsilonQuant(FA.java:120)
	at ab2.impl.PRUELLERRADLER.FA.getEpsilonQuant(FA.java:120)
	at ab2.impl.PRUELLERRADLER.FA.getEpsilonQuant(FA.java:120)
	at ab2.impl.PRUELLERRADLER.FA.getEpsilonQuant(FA.java:120)
	at ab2.impl.PRUELLERRADLER.FA.getEpsilonQuant(FA.java:120)
	at ab2.impl.PRUELLERRADLER.FA.getEpsilonQuant(FA.java:120)
	at ab2.impl.PRUELLERRADLER.FA.getEpsilonQuant(FA.java:120)
	at ab2.impl.PRUELLERRADLER.FA.getEpsilonQuant(FA.java:120)
	at ab2.impl.PRUELLERRADLER.FA.getEpsilonQuant(FA.java:120)
	at ab2.impl.PRUELLERRADLER.FA.getEpsilonQuant(FA.java:120)
	at ab2.impl.PRUELLERRADLER.FA.getEpsilonQuant(FA.java:120)
	at ab2.impl.PRUELLERRADLER.FA.getEpsilonQuant(FA.java:120)
	at ab2.impl.PRUELLERRADLER.FA.getEpsilonQuant(FA.java:120)
	at ab2.impl.PRUELLERRADLER.FA.getEpsilonQuant(FA.java:120)
	at ab2.impl.PRUELLERRADLER.FA.getEpsilonQuant(FA.java:120)
	at ab2.impl.PRUELLERRADLER.FA.getEpsilonQuant(FA.java:120)
	at ab2.impl.PRUELLERRADLER.FA.getEpsilonQuant(FA.java:120)
	at ab2.impl.PRUELLERRADLER.FA.getEpsilonQuant(FA.java:120)
	at ab2.impl.PRUELLERRADLER.FA.getEpsilonQuant(FA.java:120)
	at ab2.impl.PRUELLERRADLER.FA.getEpsilonQuant(FA.java:120)
	at ab2.impl.PRUELLERRADLER.FA.getEpsilonQuant(FA.java:120)
	at ab2.impl.PRUELLERRADLER.FA.getEpsilonQuant(FA.java:120)
	at ab2.impl.PRUELLERRADLER.FA.getEpsilonQuant(FA.java:120)
	at ab2.impl.PRUELLERRADLER.FA.getEpsilonQuant(FA.java:120)
	at ab2.impl.PRUELLERRADLER.FA.getEpsilonQuant(FA.java:120)
	at ab2.impl.PRUELLERRADLER.FA.getEpsilonQuant(FA.java:120)
	at ab2.impl.PRUELLERRADLER.FA.getEpsilonQuant(FA.java:120)
	at ab2.impl.PRUELLERRADLER.FA.getEpsilonQuant(FA.java:120)
	at ab2.impl.PRUELLERRADLER.FA.getEpsilonQuant(FA.java:120)
	at ab2.impl.PRUELLERRADLER.FA.getEpsilonQuant(FA.java:120)
	at ab2.impl.PRUELLERRADLER.FA.getEpsilonQuant(FA.java:120)
	at ab2.impl.PRUELLERRADLER.FA.getEpsilonQuant(FA.java:120)
	at ab2.impl.PRUELLERRADLER.FA.getEpsilonQuant(FA.java:120)
	at ab2.impl.PRUELLERRADLER.FA.getEpsilonQuant(FA.java:120)
	at ab2.impl.PRUELLERRADLER.FA.getEpsilonQuant(FA.java:120)
	at ab2.impl.PRUELLERRADLER.FA.getEpsilonQuant(FA.java:120)
	at ab2.impl.PRUELLERRADLER.FA.getEpsilonQuant(FA.java:120)
	at ab2.impl.PRUELLERRADLER.FA.getEpsilonQuant(FA.java:120)
	at ab2.impl.PRUELLERRADLER.FA.getEpsilonQuant(FA.java:120)
	at ab2.impl.PRUELLERRADLER.FA.getEpsilonQuant(FA.java:120)
	at ab2.impl.PRUELLERRADLER.FA.getEpsilonQuant(FA.java:120)
	at ab2.impl.PRUELLERRADLER.FA.getEpsilonQuant(FA.java:120)
	at ab2.impl.PRUELLERRADLER.FA.getEpsilonQuant(FA.java:120)
	at ab2.impl.PRUELLERRADLER.FA.getEpsilonQuant(FA.java:120)
	at ab2.impl.PRUELLERRADLER.FA.getEpsilonQuant(FA.java:120)
	at ab2.impl.PRUELLERRADLER.FA.getEpsilonQuant(FA.java:120)
	at ab2.impl.PRUELLERRADLER.FA.getEpsilonQuant(FA.java:120)
	at ab2.impl.PRUELLERRADLER.FA.getEpsilonQuant(FA.java:120)
	at ab2.impl.PRUELLERRADLER.FA.getEpsilonQuant(FA.java:120)
	at ab2.impl.PRUELLERRADLER.FA.getEpsilonQuant(FA.java:120)
	at ab2.impl.PRUELLERRADLER.FA.getEpsilonQuant(FA.java:120)
	at ab2.impl.PRUELLERRADLER.FA.getEpsilonQuant(FA.java:120)
	at ab2.impl.PRUELLERRADLER.FA.getEpsilonQuant(FA.java:120)
	at ab2.impl.PRUELLERRADLER.FA.getEpsilonQuant(FA.java:120)
	at ab2.impl.PRUELLERRADLER.FA.getEpsilonQuant(FA.java:120)
	at ab2.impl.PRUELLERRADLER.FA.getEpsilonQuant(FA.java:120)
	at ab2.impl.PRUELLERRADLER.FA.getEpsilonQuant(FA.java:120)
	at ab2.impl.PRUELLERRADLER.FA.getEpsilonQuant(FA.java:120)
	at ab2.impl.PRUELLERRADLER.FA.getEpsilonQuant(FA.java:120)
	at ab2.impl.PRUELLERRADLER.FA.getEpsilonQuant(FA.java:120)
	at ab2.impl.PRUELLERRADLER.FA.getEpsilonQuant(FA.java:120)
	at ab2.impl.PRUELLERRADLER.FA.getEpsilonQuant(FA.java:120)
	at ab2.impl.PRUELLERRADLER.FA.getEpsilonQuant(FA.java:120)
	at ab2.impl.PRUELLERRADLER.FA.getEpsilonQuant(FA.java:120)
	at ab2.impl.PRUELLERRADLER.FA.getEpsilonQuant(FA.java:120)
	at ab2.impl.PRUELLERRADLER.FA.getEpsilonQuant(FA.java:120)
	at ab2.impl.PRUELLERRADLER.FA.getEpsilonQuant(FA.java:120)
	at ab2.impl.PRUELLERRADLER.FA.getEpsilonQuant(FA.java:120)
	at ab2.impl.PRUELLERRADLER.FA.getEpsilonQuant(FA.java:120)
	at ab2.impl.PRUELLERRADLER.FA.getEpsilonQuant(FA.java:120)
	at ab2.impl.PRUELLERRADLER.FA.getEpsilonQuant(FA.java:120)
	at ab2.impl.PRUELLERRADLER.FA.getEpsilonQuant(FA.java:120)
	at ab2.impl.PRUELLERRADLER.FA.getEpsilonQuant(FA.java:120)
	at ab2.impl.PRUELLERRADLER.FA.getEpsilonQuant(FA.java:120)
	at ab2.impl.PRUELLERRADLER.FA.getEpsilonQuant(FA.java:120)
	at ab2.impl.PRUELLERRADLER.FA.getEpsilonQuant(FA.java:120)
	at ab2.impl.PRUELLERRADLER.FA.getEpsilonQuant(FA.java:120)
	at ab2.impl.PRUELLERRADLER.FA.getEpsilonQuant(FA.java:120)
	at ab2.impl.PRUELLERRADLER.FA.getEpsilonQuant(FA.java:120)
	at ab2.impl.PRUELLERRADLER.FA.getEpsilonQuant(FA.java:120)
	at ab2.impl.PRUELLERRADLER.FA.getEpsilonQuant(FA.java:120)
	at ab2.impl.PRUELLERRADLER.FA.getEpsilonQuant(FA.java:120)
	at ab2.impl.PRUELLERRADLER.FA.getEpsilonQuant(FA.java:120)
	at ab2.impl.PRUELLERRADLER.FA.getEpsilonQuant(FA.java:120)
	at ab2.impl.PRUELLERRADLER.FA.getEpsilonQuant(FA.java:120)
	at ab2.impl.PRUELLERRADLER.FA.getEpsilonQuant(FA.java:120)
	at ab2.impl.PRUELLERRADLER.FA.getEpsilonQuant(FA.java:120)
	at ab2.impl.PRUELLERRADLER.FA.getEpsilonQuant(FA.java:120)
	at ab2.impl.PRUELLERRADLER.FA.getEpsilonQuant(FA.java:120)
	at ab2.impl.PRUELLERRADLER.FA.getEpsilonQuant(FA.java:120)
	at ab2.impl.PRUELLERRADLER.FA.getEpsilonQuant(FA.java:120)
	at ab2.impl.PRUELLERRADLER.FA.getEpsilonQuant(FA.java:120)
	at ab2.impl.PRUELLERRADLER.FA.getEpsilonQuant(FA.java:120)
	at ab2.impl.PRUELLERRADLER.FA.getEpsilonQuant(FA.java:120)
	at ab2.impl.PRUELLERRADLER.FA.getEpsilonQuant(FA.java:120)
	at ab2.impl.PRUELLERRADLER.FA.getEpsilonQuant(FA.java:120)
	at ab2.impl.PRUELLERRADLER.FA.getEpsilonQuant(FA.java:120)
	at ab2.impl.PRUELLERRADLER.FA.getEpsilonQuant(FA.java:120)
	at ab2.impl.PRUELLERRADLER.FA.getEpsilonQuant(FA.java:120)
	at ab2.impl.PRUELLERRADLER.FA.getEpsilonQuant(FA.java:120)
	at ab2.impl.PRUELLERRADLER.FA.getEpsilonQuant(FA.java:120)
	at ab2.impl.PRUELLERRADLER.FA.getEpsilonQuant(FA.java:120)
	at ab2.impl.PRUELLERRADLER.FA.getEpsilonQuant(FA.java:120)
	at ab2.impl.PRUELLERRADLER.FA.getEpsilonQuant(FA.java:120)
	at ab2.impl.PRUELLERRADLER.FA.getEpsilonQuant(FA.java:120)
	at ab2.impl.PRUELLERRADLER.FA.getEpsilonQuant(FA.java:120)
	at ab2.impl.PRUELLERRADLER.FA.getEpsilonQuant(FA.java:120)
	at ab2.impl.PRUELLERRADLER.FA.getEpsilonQuant(FA.java:120)
	at ab2.impl.PRUELLERRADLER.FA.getEpsilonQuant(FA.java:120)
	at ab2.impl.PRUELLERRADLER.FA.getEpsilonQuant(FA.java:120)
	at ab2.impl.PRUELLERRADLER.FA.getEpsilonQuant(FA.java:120)
	at ab2.impl.PRUELLERRADLER.FA.getEpsilonQuant(FA.java:120)
	at ab2.impl.PRUELLERRADLER.FA.getEpsilonQuant(FA.java:120)
	at ab2.impl.PRUELLERRADLER.FA.getEpsilonQuant(FA.java:120)
	at ab2.impl.PRUELLERRADLER.FA.getEpsilonQuant(FA.java:120)
	at ab2.impl.PRUELLERRADLER.FA.getEpsilonQuant(FA.java:120)
	at ab2.impl.PRUELLERRADLER.FA.getEpsilonQuant(FA.java:120)
	at ab2.impl.PRUELLERRADLER.FA.getEpsilonQuant(FA.java:120)
	at ab2.impl.PRUELLERRADLER.FA.getEpsilonQuant(FA.java:120)
	at ab2.impl.PRUELLERRADLER.FA.getEpsilonQuant(FA.java:120)
	at ab2.impl.PRUELLERRADLER.FA.getEpsilonQuant(FA.java:120)
	at ab2.impl.PRUELLERRADLER.FA.getEpsilonQuant(FA.java:120)
	at ab2.impl.PRUELLERRADLER.FA.getEpsilonQuant(FA.java:120)
	at ab2.impl.PRUELLERRADLER.FA.getEpsilonQuant(FA.java:120)
	at ab2.impl.PRUELLERRADLER.FA.getEpsilonQuant(FA.java:120)
	at ab2.impl.PRUELLERRADLER.FA.getEpsilonQuant(FA.java:120)
	at ab2.impl.PRUELLERRADLER.FA.getEpsilonQuant(FA.java:120)
	at ab2.impl.PRUELLERRADLER.FA.getEpsilonQuant(FA.java:120)
	at ab2.impl.PRUELLERRADLER.FA.getEpsilonQuant(FA.java:120)
	at ab2.impl.PRUELLERRADLER.FA.getEpsilonQuant(FA.java:120)
	at ab2.impl.PRUELLERRADLER.FA.getEpsilonQuant(FA.java:120)
	at ab2.impl.PRUELLERRADLER.FA.getEpsilonQuant(FA.java:120)
	at ab2.impl.PRUELLERRADLER.FA.getEpsilonQuant(FA.java:120)
	at ab2.impl.PRUELLERRADLER.FA.getEpsilonQuant(FA.java:120)
	at ab2.impl.PRUELLERRADLER.FA.getEpsilonQuant(FA.java:120)
	at ab2.impl.PRUELLERRADLER.FA.getEpsilonQuant(FA.java:120)
	at ab2.impl.PRUELLERRADLER.FA.getEpsilonQuant(FA.java:120)
	at ab2.impl.PRUELLERRADLER.FA.getEpsilonQuant(FA.java:120)
	at ab2.impl.PRUELLERRADLER.FA.getEpsilonQuant(FA.java:120)
	at ab2.impl.PRUELLERRADLER.FA.getEpsilonQuant(FA.java:120)
	at ab2.impl.PRUELLERRADLER.FA.getEpsilonQuant(FA.java:120)
	at ab2.impl.PRUELLERRADLER.FA.getEpsilonQuant(FA.java:120)
	at ab2.impl.PRUELLERRADLER.FA.getEpsilonQuant(FA.java:120)
	at ab2.impl.PRUELLERRADLER.FA.getEpsilonQuant(FA.java:120)
	at ab2.impl.PRUELLERRADLER.FA.getEpsilonQuant(FA.java:120)
	at ab2.impl.PRUELLERRADLER.FA.getEpsilonQuant(FA.java:120)
	at ab2.impl.PRUELLERRADLER.FA.getEpsilonQuant(FA.java:120)
	at ab2.impl.PRUELLERRADLER.FA.getEpsilonQuant(FA.java:120)
	at ab2.impl.PRUELLERRADLER.FA.getEpsilonQuant(FA.java:120)
	at ab2.impl.PRUELLERRADLER.FA.getEpsilonQuant(FA.java:120)
	at ab2.impl.PRUELLERRADLER.FA.getEpsilonQuant(FA.java:120)
	at ab2.impl.PRUELLERRADLER.FA.getEpsilonQuant(FA.java:120)
	at ab2.impl.PRUELLERRADLER.FA.getEpsilonQuant(FA.java:120)
	at ab2.impl.PRUELLERRADLER.FA.getEpsilonQuant(FA.java:120)
	at ab2.impl.PRUELLERRADLER.FA.getEpsilonQuant(FA.java:120)
	at ab2.impl.PRUELLERRADLER.FA.getEpsilonQuant(FA.java:120)
	at ab2.impl.PRUELLERRADLER.FA.getEpsilonQuant(FA.java:120)
	at ab2.impl.PRUELLERRADLER.FA.getEpsilonQuant(FA.java:120)
	at ab2.impl.PRUELLERRADLER.FA.getEpsilonQuant(FA.java:120)
	at ab2.impl.PRUELLERRADLER.FA.getEpsilonQuant(FA.java:120)
	at ab2.impl.PRUELLERRADLER.FA.getEpsilonQuant(FA.java:120)
	at ab2.impl.PRUELLERRADLER.FA.getEpsilonQuant(FA.java:120)
	at ab2.impl.PRUELLERRADLER.FA.getEpsilonQuant(FA.java:120)
	at ab2.impl.PRUELLERRADLER.FA.getEpsilonQuant(FA.java:120)
	at ab2.impl.PRUELLERRADLER.FA.getEpsilonQuant(FA.java:120)
	at ab2.impl.PRUELLERRADLER.FA.getEpsilonQuant(FA.java:120)
	at ab2.impl.PRUELLERRADLER.FA.getEpsilonQuant(FA.java:120)
	at ab2.impl.PRUELLERRADLER.FA.getEpsilonQuant(FA.java:120)
	at ab2.impl.PRUELLERRADLER.FA.getEpsilonQuant(FA.java:120)
	at ab2.impl.PRUELLERRADLER.FA.getEpsilonQuant(FA.java:120)
	at ab2.impl.PRUELLERRADLER.FA.getEpsilonQuant(FA.java:120)
	at ab2.impl.PRUELLERRADLER.FA.getEpsilonQuant(FA.java:120)
	at ab2.impl.PRUELLERRADLER.FA.getEpsilonQuant(FA.java:120)
	at ab2.impl.PRUELLERRADLER.FA.getEpsilonQuant(FA.java:120)
	at ab2.impl.PRUELLERRADLER.FA.getEpsilonQuant(FA.java:120)
	at ab2.impl.PRUELLERRADLER.FA.getEpsilonQuant(FA.java:120)
	at ab2.impl.PRUELLERRADLER.FA.getEpsilonQuant(FA.java:120)
	at ab2.impl.PRUELLERRADLER.FA.getEpsilonQuant(FA.java:120)
	at ab2.impl.PRUELLERRADLER.FA.getEpsilonQuant(FA.java:120)
	at ab2.impl.PRUELLERRADLER.FA.getEpsilonQuant(FA.java:120)
	at ab2.impl.PRUELLERRADLER.FA.getEpsilonQuant(FA.java:120)
	at ab2.impl.PRUELLERRADLER.FA.getEpsilonQuant(FA.java:120)
	at ab2.impl.PRUELLERRADLER.FA.getEpsilonQuant(FA.java:120)
	at ab2.impl.PRUELLERRADLER.FA.getEpsilonQuant(FA.java:120)
	at ab2.impl.PRUELLERRADLER.FA.getEpsilonQuant(FA.java:120)
	at ab2.impl.PRUELLERRADLER.FA.getEpsilonQuant(FA.java:120)
	at ab2.impl.PRUELLERRADLER.FA.getEpsilonQuant(FA.java:120)
	at ab2.impl.PRUELLERRADLER.FA.getEpsilonQuant(FA.java:120)
	at ab2.impl.PRUELLERRADLER.FA.getEpsilonQuant(FA.java:120)
	at ab2.impl.PRUELLERRADLER.FA.getEpsilonQuant(FA.java:120)
	at ab2.impl.PRUELLERRADLER.FA.getEpsilonQuant(FA.java:120)
	at ab2.impl.PRUELLERRADLER.FA.getEpsilonQuant(FA.java:120)
	at ab2.impl.PRUELLERRADLER.FA.getEpsilonQuant(FA.java:120)
	at ab2.impl.PRUELLERRADLER.FA.getEpsilonQuant(FA.java:120)
	at ab2.impl.PRUELLERRADLER.FA.getEpsilonQuant(FA.java:120)
	at ab2.impl.PRUELLERRADLER.FA.getEpsilonQuant(FA.java:120)
	at ab2.impl.PRUELLERRADLER.FA.getEpsilonQuant(FA.java:120)
	at ab2.impl.PRUELLERRADLER.FA.getEpsilonQuant(FA.java:120)
	at ab2.impl.PRUELLERRADLER.FA.getEpsilonQuant(FA.java:120)
	at ab2.impl.PRUELLERRADLER.FA.getEpsilonQuant(FA.java:120)
	at ab2.impl.PRUELLERRADLER.FA.getEpsilonQuant(FA.java:120)
	at ab2.impl.PRUELLERRADLER.FA.getEpsilonQuant(FA.java:120)
	at ab2.impl.PRUELLERRADLER.FA.getEpsilonQuant(FA.java:120)
	at ab2.impl.PRUELLERRADLER.FA.getEpsilonQuant(FA.java:120)
	at ab2.impl.PRUELLERRADLER.FA.getEpsilonQuant(FA.java:120)
	at ab2.impl.PRUELLERRADLER.FA.getEpsilonQuant(FA.java:120)
	at ab2.impl.PRUELLERRADLER.FA.getEpsilonQuant(FA.java:120)
	at ab2.impl.PRUELLERRADLER.FA.getEpsilonQuant(FA.java:120)
	at ab2.impl.PRUELLERRADLER.FA.getEpsilonQuant(FA.java:120)
	at ab2.impl.PRUELLERRADLER.FA.getEpsilonQuant(FA.java:120)
	at ab2.impl.PRUELLERRADLER.FA.getEpsilonQuant(FA.java:120)
	at ab2.impl.PRUELLERRADLER.FA.getEpsilonQuant(FA.java:120)
	at ab2.impl.PRUELLERRADLER.FA.getEpsilonQuant(FA.java:120)
	at ab2.impl.PRUELLERRADLER.FA.getEpsilonQuant(FA.java:120)
	at ab2.impl.PRUELLERRADLER.FA.getEpsilonQuant(FA.java:120)
	at ab2.impl.PRUELLERRADLER.FA.getEpsilonQuant(FA.java:120)
	at ab2.impl.PRUELLERRADLER.FA.getEpsilonQuant(FA.java:120)
	at ab2.impl.PRUELLERRADLER.FA.getEpsilonQuant(FA.java:120)
	at ab2.impl.PRUELLERRADLER.FA.getEpsilonQuant(FA.java:120)
	at ab2.impl.PRUELLERRADLER.FA.getEpsilonQuant(FA.java:120)
	at ab2.impl.PRUELLERRADLER.FA.getEpsilonQuant(FA.java:120)
	at ab2.impl.PRUELLERRADLER.FA.getEpsilonQuant(FA.java:120)
	at ab2.impl.PRUELLERRADLER.FA.getEpsilonQuant(FA.java:120)
	at ab2.impl.PRUELLERRADLER.FA.getEpsilonQuant(FA.java:120)
	at ab2.impl.PRUELLERRADLER.FA.getEpsilonQuant(FA.java:120)
	at ab2.impl.PRUELLERRADLER.FA.getEpsilonQuant(FA.java:120)
	at ab2.impl.PRUELLERRADLER.FA.getEpsilonQuant(FA.java:120)
	at ab2.impl.PRUELLERRADLER.FA.getEpsilonQuant(FA.java:120)
	at ab2.impl.PRUELLERRADLER.FA.getEpsilonQuant(FA.java:120)
	at ab2.impl.PRUELLERRADLER.FA.getEpsilonQuant(FA.java:120)
	at ab2.impl.PRUELLERRADLER.FA.getEpsilonQuant(FA.java:120)
	at ab2.impl.PRUELLERRADLER.FA.getEpsilonQuant(FA.java:120)
	at ab2.impl.PRUELLERRADLER.FA.getEpsilonQuant(FA.java:120)
	at ab2.impl.PRUELLERRADLER.FA.getEpsilonQuant(FA.java:120)
	at ab2.impl.PRUELLERRADLER.FA.getEpsilonQuant(FA.java:120)
	at ab2.impl.PRUELLERRADLER.FA.getEpsilonQuant(FA.java:120)
	at ab2.impl.PRUELLERRADLER.FA.getEpsilonQuant(FA.java:120)
	at ab2.impl.PRUELLERRADLER.FA.getEpsilonQuant(FA.java:120)
	at ab2.impl.PRUELLERRADLER.FA.getEpsilonQuant(FA.java:120)
	at ab2.impl.PRUELLERRADLER.FA.getEpsilonQuant(FA.java:120)
	at ab2.impl.PRUELLERRADLER.FA.getEpsilonQuant(FA.java:120)
	at ab2.impl.PRUELLERRADLER.FA.getEpsilonQuant(FA.java:120)
	at ab2.impl.PRUELLERRADLER.FA.getEpsilonQuant(FA.java:120)
	at ab2.impl.PRUELLERRADLER.FA.getEpsilonQuant(FA.java:120)
	at ab2.impl.PRUELLERRADLER.FA.getEpsilonQuant(FA.java:120)
	at ab2.impl.PRUELLERRADLER.FA.getEpsilonQuant(FA.java:120)
	at ab2.impl.PRUELLERRADLER.FA.getEpsilonQuant(FA.java:120)
	at ab2.impl.PRUELLERRADLER.FA.getEpsilonQuant(FA.java:120)
	at ab2.impl.PRUELLERRADLER.FA.getEpsilonQuant(FA.java:120)
	at ab2.impl.PRUELLERRADLER.FA.getEpsilonQuant(FA.java:120)
	at ab2.impl.PRUELLERRADLER.FA.getEpsilonQuant(FA.java:120)
	at ab2.impl.PRUELLERRADLER.FA.getEpsilonQuant(FA.java:120)
	at ab2.impl.PRUELLERRADLER.FA.getEpsilonQuant(FA.java:120)
	at ab2.impl.PRUELLERRADLER.FA.getEpsilonQuant(FA.java:120)
	at ab2.impl.PRUELLERRADLER.FA.getEpsilonQuant(FA.java:120)
	at ab2.impl.PRUELLERRADLER.FA.getEpsilonQuant(FA.java:120)
	at ab2.impl.PRUELLERRADLER.FA.getEpsilonQuant(FA.java:120)
	at ab2.impl.PRUELLERRADLER.FA.getEpsilonQuant(FA.java:120)
	at ab2.impl.PRUELLERRADLER.FA.getEpsilonQuant(FA.java:120)
	at ab2.impl.PRUELLERRADLER.FA.getEpsilonQuant(FA.java:120)
	at ab2.impl.PRUELLERRADLER.FA.getEpsilonQuant(FA.java:120)
	at ab2.impl.PRUELLERRADLER.FA.getEpsilonQuant(FA.java:120)
	at ab2.impl.PRUELLERRADLER.FA.getEpsilonQuant(FA.java:120)
	at ab2.impl.PRUELLERRADLER.FA.getEpsilonQuant(FA.java:120)
	at ab2.impl.PRUELLERRADLER.FA.getEpsilonQuant(FA.java:120)
	at ab2.impl.PRUELLERRADLER.FA.getEpsilonQuant(FA.java:120)
	at ab2.impl.PRUELLERRADLER.FA.getEpsilonQuant(FA.java:120)
	at ab2.impl.PRUELLERRADLER.FA.getEpsilonQuant(FA.java:120)
	at ab2.impl.PRUELLERRADLER.FA.getEpsilonQuant(FA.java:120)
	at ab2.impl.PRUELLERRADLER.FA.getEpsilonQuant(FA.java:120)
	at ab2.impl.PRUELLERRADLER.FA.getEpsilonQuant(FA.java:120)
	at ab2.impl.PRUELLERRADLER.FA.getEpsilonQuant(FA.java:120)
	at ab2.impl.PRUELLERRADLER.FA.getEpsilonQuant(FA.java:120)
	at ab2.impl.PRUELLERRADLER.FA.getEpsilonQuant(FA.java:120)
	at ab2.impl.PRUELLERRADLER.FA.getEpsilonQuant(FA.java:120)
	at ab2.impl.PRUELLERRADLER.FA.getEpsilonQuant(FA.java:120)
	at ab2.impl.PRUELLERRADLER.FA.getEpsilonQuant(FA.java:120)
	at ab2.impl.PRUELLERRADLER.FA.getEpsilonQuant(FA.java:120)
	at ab2.impl.PRUELLERRADLER.FA.getEpsilonQuant(FA.java:120)
	at ab2.impl.PRUELLERRADLER.FA.getEpsilonQuant(FA.java:120)
	at ab2.impl.PRUELLERRADLER.FA.getEpsilonQuant(FA.java:120)
	at ab2.impl.PRUELLERRADLER.FA.getEpsilonQuant(FA.java:120)
	at ab2.impl.PRUELLERRADLER.FA.getEpsilonQuant(FA.java:120)
	at ab2.impl.PRUELLERRADLER.FA.getEpsilonQuant(FA.java:120)
	at ab2.impl.PRUELLERRADLER.FA.getEpsilonQuant(FA.java:120)
	at ab2.impl.PRUELLERRADLER.FA.getEpsilonQuant(FA.java:120)
	at ab2.impl.PRUELLERRADLER.FA.getEpsilonQuant(FA.java:120)
	at ab2.impl.PRUELLERRADLER.FA.getEpsilonQuant(FA.java:120)
	at ab2.impl.PRUELLERRADLER.FA.getEpsilonQuant(FA.java:120)
	at ab2.impl.PRUELLERRADLER.FA.getEpsilonQuant(FA.java:120)
	at ab2.impl.PRUELLERRADLER.FA.getEpsilonQuant(FA.java:120)
	at ab2.impl.PRUELLERRADLER.FA.getEpsilonQuant(FA.java:120)
	at ab2.impl.PRUELLERRADLER.FA.getEpsilonQuant(FA.java:120)
	at ab2.impl.PRUELLERRADLER.FA.getEpsilonQuant(FA.java:120)
	at ab2.impl.PRUELLERRADLER.FA.getEpsilonQuant(FA.java:120)
	at ab2.impl.PRUELLERRADLER.FA.getEpsilonQuant(FA.java:120)
	at ab2.impl.PRUELLERRADLER.FA.getEpsilonQuant(FA.java:120)
	at ab2.impl.PRUELLERRADLER.FA.getEpsilonQuant(FA.java:120)
	at ab2.impl.PRUELLERRADLER.FA.getEpsilonQuant(FA.java:120)
	at ab2.impl.PRUELLERRADLER.FA.getEpsilonQuant(FA.java:120)
	at ab2.impl.PRUELLERRADLER.FA.getEpsilonQuant(FA.java:120)
	at ab2.impl.PRUELLERRADLER.FA.getEpsilonQuant(FA.java:120)
	at ab2.impl.PRUELLERRADLER.FA.getEpsilonQuant(FA.java:120)
	at ab2.impl.PRUELLERRADLER.FA.getEpsilonQuant(FA.java:120)
	at ab2.impl.PRUELLERRADLER.FA.getEpsilonQuant(FA.java:120)
	at ab2.impl.PRUELLERRADLER.FA.getEpsilonQuant(FA.java:120)
	at ab2.impl.PRUELLERRADLER.FA.getEpsilonQuant(FA.java:120)
	at ab2.impl.PRUELLERRADLER.FA.getEpsilonQuant(FA.java:120)
	at ab2.impl.PRUELLERRADLER.FA.getEpsilonQuant(FA.java:120)
	at ab2.impl.PRUELLERRADLER.FA.getEpsilonQuant(FA.java:120)
	at ab2.impl.PRUELLERRADLER.FA.getEpsilonQuant(FA.java:120)
	at ab2.impl.PRUELLERRADLER.FA.getEpsilonQuant(FA.java:120)
	at ab2.impl.PRUELLERRADLER.FA.getEpsilonQuant(FA.java:120)
	at ab2.impl.PRUELLERRADLER.FA.getEpsilonQuant(FA.java:120)
	at ab2.impl.PRUELLERRADLER.FA.getEpsilonQuant(FA.java:120)
	at ab2.impl.PRUELLERRADLER.FA.getEpsilonQuant(FA.java:120)
	at ab2.impl.PRUELLERRADLER.FA.getEpsilonQuant(FA.java:120)
	at ab2.impl.PRUELLERRADLER.FA.getEpsilonQuant(FA.java:120)
	at ab2.impl.PRUELLERRADLER.FA.getEpsilonQuant(FA.java:120)
	at ab2.impl.PRUELLERRADLER.FA.getEpsilonQuant(FA.java:120)
	at ab2.impl.PRUELLERRADLER.FA.getEpsilonQuant(FA.java:120)
	at ab2.impl.PRUELLERRADLER.FA.getEpsilonQuant(FA.java:120)
	at ab2.impl.PRUELLERRADLER.FA.getEpsilonQuant(FA.java:120)
	at ab2.impl.PRUELLERRADLER.FA.getEpsilonQuant(FA.java:120)
	at ab2.impl.PRUELLERRADLER.FA.getEpsilonQuant(FA.java:120)
	at ab2.impl.PRUELLERRADLER.FA.getEpsilonQuant(FA.java:120)
	at ab2.impl.PRUELLERRADLER.FA.getEpsilonQuant(FA.java:120)
	at ab2.impl.PRUELLERRADLER.FA.getEpsilonQuant(FA.java:120)
	at ab2.impl.PRUELLERRADLER.FA.getEpsilonQuant(FA.java:120)
	at ab2.impl.PRUELLERRADLER.FA.getEpsilonQuant(FA.java:120)
	at ab2.impl.PRUELLERRADLER.FA.getEpsilonQuant(FA.java:120)
	at ab2.impl.PRUELLERRADLER.FA.getEpsilonQuant(FA.java:120)
	at ab2.impl.PRUELLERRADLER.FA.getEpsilonQuant(FA.java:120)
	at ab2.impl.PRUELLERRADLER.FA.getEpsilonQuant(FA.java:120)
	at ab2.impl.PRUELLERRADLER.FA.getEpsilonQuant(FA.java:120)
	at ab2.impl.PRUELLERRADLER.FA.getEpsilonQuant(FA.java:120)
	at ab2.impl.PRUELLERRADLER.FA.getEpsilonQuant(FA.java:120)
	at ab2.impl.PRUELLERRADLER.FA.getEpsilonQuant(FA.java:120)
	at ab2.impl.PRUELLERRADLER.FA.getEpsilonQuant(FA.java:120)
	at ab2.impl.PRUELLERRADLER.FA.getEpsilonQuant(FA.java:120)
	at ab2.impl.PRUELLERRADLER.FA.getEpsilonQuant(FA.java:120)
	at ab2.impl.PRUELLERRADLER.FA.getEpsilonQuant(FA.java:120)
	at ab2.impl.PRUELLERRADLER.FA.getEpsilonQuant(FA.java:120)
	at ab2.impl.PRUELLERRADLER.FA.getEpsilonQuant(FA.java:120)
	at ab2.impl.PRUELLERRADLER.FA.getEpsilonQuant(FA.java:120)
	at ab2.impl.PRUELLERRADLER.FA.getEpsilonQuant(FA.java:120)
	at ab2.impl.PRUELLERRADLER.FA.getEpsilonQuant(FA.java:120)
	at ab2.impl.PRUELLERRADLER.FA.getEpsilonQuant(FA.java:120)
	at ab2.impl.PRUELLERRADLER.FA.getEpsilonQuant(FA.java:120)
	at ab2.impl.PRUELLERRADLER.FA.getEpsilonQuant(FA.java:120)
	at ab2.impl.PRUELLERRADLER.FA.getEpsilonQuant(FA.java:120)
	at ab2.impl.PRUELLERRADLER.FA.getEpsilonQuant(FA.java:120)
	at ab2.impl.PRUELLERRADLER.FA.getEpsilonQuant(FA.java:120)
	at ab2.impl.PRUELLERRADLER.FA.getEpsilonQuant(FA.java:120)
	at ab2.impl.PRUELLERRADLER.FA.getEpsilonQuant(FA.java:120)
	at ab2.impl.PRUELLERRADLER.FA.getEpsilonQuant(FA.java:120)
	at ab2.impl.PRUELLERRADLER.FA.getEpsilonQuant(FA.java:120)
	at ab2.impl.PRUELLERRADLER.FA.getEpsilonQuant(FA.java:120)
	at ab2.impl.PRUELLERRADLER.FA.getEpsilonQuant(FA.java:120)
	at ab2.impl.PRUELLERRADLER.FA.getEpsilonQuant(FA.java:120)
	at ab2.impl.PRUELLERRADLER.FA.getEpsilonQuant(FA.java:120)
	at ab2.impl.PRUELLERRADLER.FA.getEpsilonQuant(FA.java:120)
	at ab2.impl.PRUELLERRADLER.FA.getEpsilonQuant(FA.java:120)
	at ab2.impl.PRUELLERRADLER.FA.getEpsilonQuant(FA.java:120)
	at ab2.impl.PRUELLERRADLER.FA.getEpsilonQuant(FA.java:120)
	at ab2.impl.PRUELLERRADLER.FA.getEpsilonQuant(FA.java:120)
	at ab2.impl.PRUELLERRADLER.FA.getEpsilonQuant(FA.java:120)
	at ab2.impl.PRUELLERRADLER.FA.getEpsilonQuant(FA.java:120)
	at ab2.impl.PRUELLERRADLER.FA.getEpsilonQuant(FA.java:120)
	at ab2.impl.PRUELLERRADLER.FA.getEpsilonQuant(FA.java:120)
	at ab2.impl.PRUELLERRADLER.FA.getEpsilonQuant(FA.java:120)
	at ab2.impl.PRUELLERRADLER.FA.getEpsilonQuant(FA.java:120)
	at ab2.impl.PRUELLERRADLER.FA.getEpsilonQuant(FA.java:120)
	at ab2.impl.PRUELLERRADLER.FA.getEpsilonQuant(FA.java:120)
	at ab2.impl.PRUELLERRADLER.FA.getEpsilonQuant(FA.java:120)
	at ab2.impl.PRUELLERRADLER.FA.getEpsilonQuant(FA.java:120)
	at ab2.impl.PRUELLERRADLER.FA.getEpsilonQuant(FA.java:120)
	at ab2.impl.PRUELLERRADLER.FA.getEpsilonQuant(FA.java:120)
	at ab2.impl.PRUELLERRADLER.FA.getEpsilonQuant(FA.java:120)
	at ab2.impl.PRUELLERRADLER.FA.getEpsilonQuant(FA.java:120)
	at ab2.impl.PRUELLERRADLER.FA.getEpsilonQuant(FA.java:120)
	at ab2.impl.PRUELLERRADLER.FA.getEpsilonQuant(FA.java:120)
	at ab2.impl.PRUELLERRADLER.FA.getEpsilonQuant(FA.java:120)
	at ab2.impl.PRUELLERRADLER.FA.getEpsilonQuant(FA.java:120)
	at ab2.impl.PRUELLERRADLER.FA.getEpsilonQuant(FA.java:120)
	at ab2.impl.PRUELLERRADLER.FA.getEpsilonQuant(FA.java:120)
	at ab2.impl.PRUELLERRADLER.FA.getEpsilonQuant(FA.java:120)
	at ab2.impl.PRUELLERRADLER.FA.getEpsilonQuant(FA.java:120)
	at ab2.impl.PRUELLERRADLER.FA.getEpsilonQuant(FA.java:120)
	at ab2.impl.PRUELLERRADLER.FA.getEpsilonQuant(FA.java:120)
	at ab2.impl.PRUELLERRADLER.FA.getEpsilonQuant(FA.java:120)
	at ab2.impl.PRUELLERRADLER.FA.getEpsilonQuant(FA.java:120)
	at ab2.impl.PRUELLERRADLER.FA.getEpsilonQuant(FA.java:120)
	at ab2.impl.PRUELLERRADLER.FA.getEpsilonQuant(FA.java:120)
	at ab2.impl.PRUELLERRADLER.FA.getEpsilonQuant(FA.java:120)
	at ab2.impl.PRUELLERRADLER.FA.getEpsilonQuant(FA.java:120)
	at ab2.impl.PRUELLERRADLER.FA.getEpsilonQuant(FA.java:120)
	at ab2.impl.PRUELLERRADLER.FA.getEpsilonQuant(FA.java:120)
	at ab2.impl.PRUELLERRADLER.FA.getEpsilonQuant(FA.java:120)
	at ab2.impl.PRUELLERRADLER.FA.getEpsilonQuant(FA.java:120)
	at ab2.impl.PRUELLERRADLER.FA.getEpsilonQuant(FA.java:120)
	at ab2.impl.PRUELLERRADLER.FA.getEpsilonQuant(FA.java:120)
	at ab2.impl.PRUELLERRADLER.FA.getEpsilonQuant(FA.java:120)
	at ab2.impl.PRUELLERRADLER.FA.getEpsilonQuant(FA.java:120)
	at ab2.impl.PRUELLERRADLER.FA.getEpsilonQuant(FA.java:120)
	at ab2.impl.PRUELLERRADLER.FA.getEpsilonQuant(FA.java:120)
	at ab2.impl.PRUELLERRADLER.FA.getEpsilonQuant(FA.java:120)
	at ab2.impl.PRUELLERRADLER.FA.getEpsilonQuant(FA.java:120)
	at ab2.impl.PRUELLERRADLER.FA.getEpsilonQuant(FA.java:120)
	at ab2.impl.PRUELLERRADLER.FA.getEpsilonQuant(FA.java:120)
	at ab2.impl.PRUELLERRADLER.FA.getEpsilonQuant(FA.java:120)
	at ab2.impl.PRUELLERRADLER.FA.getEpsilonQuant(FA.java:120)
	at ab2.impl.PRUELLERRADLER.FA.getEpsilonQuant(FA.java:120)
	at ab2.impl.PRUELLERRADLER.FA.getEpsilonQuant(FA.java:120)
	at ab2.impl.PRUELLERRADLER.FA.getEpsilonQuant(FA.java:120)
	at ab2.impl.PRUELLERRADLER.FA.getEpsilonQuant(FA.java:120)
	at ab2.impl.PRUELLERRADLER.FA.getEpsilonQuant(FA.java:120)
	at ab2.impl.PRUELLERRADLER.FA.getEpsilonQuant(FA.java:120)
	at ab2.impl.PRUELLERRADLER.FA.getEpsilonQuant(FA.java:120)
	at ab2.impl.PRUELLERRADLER.FA.getEpsilonQuant(FA.java:120)
	at ab2.impl.PRUELLERRADLER.FA.getEpsilonQuant(FA.java:120)
	at ab2.impl.PRUELLERRADLER.FA.getEpsilonQuant(FA.java:120)
	at ab2.impl.PRUELLERRADLER.FA.getEpsilonQuant(FA.java:120)
	at ab2.impl.PRUELLERRADLER.FA.getEpsilonQuant(FA.java:120)
	at ab2.impl.PRUELLERRADLER.FA.getEpsilonQuant(FA.java:120)
	at ab2.impl.PRUELLERRADLER.FA.getEpsilonQuant(FA.java:120)
	at ab2.impl.PRUELLERRADLER.FA.getEpsilonQuant(FA.java:120)
	at ab2.impl.PRUELLERRADLER.FA.getEpsilonQuant(FA.java:120)
	at ab2.impl.PRUELLERRADLER.FA.getEpsilonQuant(FA.java:120)
	at ab2.impl.PRUELLERRADLER.FA.getEpsilonQuant(FA.java:120)
	at ab2.impl.PRUELLERRADLER.FA.getEpsilonQuant(FA.java:120)
	at ab2.impl.PRUELLERRADLER.FA.getEpsilonQuant(FA.java:120)
	at ab2.impl.PRUELLERRADLER.FA.getEpsilonQuant(FA.java:120)
	at ab2.impl.PRUELLERRADLER.FA.getEpsilonQuant(FA.java:120)
	at ab2.impl.PRUELLERRADLER.FA.getEpsilonQuant(FA.java:120)
	at ab2.impl.PRUELLERRADLER.FA.getEpsilonQuant(FA.java:120)
	at ab2.impl.PRUELLERRADLER.FA.getEpsilonQuant(FA.java:120)
	at ab2.impl.PRUELLERRADLER.FA.getEpsilonQuant(FA.java:120)
	at ab2.impl.PRUELLERRADLER.FA.getEpsilonQuant(FA.java:120)
	at ab2.impl.PRUELLERRADLER.FA.getEpsilonQuant(FA.java:120)
	at ab2.impl.PRUELLERRADLER.FA.getEpsilonQuant(FA.java:120)
	at ab2.impl.PRUELLERRADLER.FA.getEpsilonQuant(FA.java:120)
	at ab2.impl.PRUELLERRADLER.FA.getEpsilonQuant(FA.java:120)
	at ab2.impl.PRUELLERRADLER.FA.getEpsilonQuant(FA.java:120)
	at ab2.impl.PRUELLERRADLER.FA.getEpsilonQuant(FA.java:120)
	at ab2.impl.PRUELLERRADLER.FA.getEpsilonQuant(FA.java:120)
	at ab2.impl.PRUELLERRADLER.FA.getEpsilonQuant(FA.java:120)
	at ab2.impl.PRUELLERRADLER.FA.getEpsilonQuant(FA.java:120)
	at ab2.impl.PRUELLERRADLER.FA.getEpsilonQuant(FA.java:120)
	at ab2.impl.PRUELLERRADLER.FA.getEpsilonQuant(FA.java:120)
	at ab2.impl.PRUELLERRADLER.FA.getEpsilonQuant(FA.java:120)
	at ab2.impl.PRUELLERRADLER.FA.getEpsilonQuant(FA.java:120)
	at ab2.impl.PRUELLERRADLER.FA.getEpsilonQuant(FA.java:120)
	at ab2.impl.PRUELLERRADLER.FA.getEpsilonQuant(FA.java:120)
	at ab2.impl.PRUELLERRADLER.FA.getEpsilonQuant(FA.java:120)
	at ab2.impl.PRUELLERRADLER.FA.getEpsilonQuant(FA.java:120)
	at ab2.impl.PRUELLERRADLER.FA.getEpsilonQuant(FA.java:120)
	at ab2.impl.PRUELLERRADLER.FA.getEpsilonQuant(FA.java:120)
	at ab2.impl.PRUELLERRADLER.FA.getEpsilonQuant(FA.java:120)
	at ab2.impl.PRUELLERRADLER.FA.getEpsilonQuant(FA.java:120)
	at ab2.impl.PRUELLERRADLER.FA.getEpsilonQuant(FA.java:120)
	at ab2.impl.PRUELLERRADLER.FA.getEpsilonQuant(FA.java:120)
	at ab2.impl.PRUELLERRADLER.FA.getEpsilonQuant(FA.java:120)
	at ab2.impl.PRUELLERRADLER.FA.getEpsilonQuant(FA.java:120)
	at ab2.impl.PRUELLERRADLER.FA.getEpsilonQuant(FA.java:120)
	at ab2.impl.PRUELLERRADLER.FA.getEpsilonQuant(FA.java:120)
	at ab2.impl.PRUELLERRADLER.FA.getEpsilonQuant(FA.java:120)
	at ab2.impl.PRUELLERRADLER.FA.getEpsilonQuant(FA.java:120)
	at ab2.impl.PRUELLERRADLER.FA.getEpsilonQuant(FA.java:120)
	at ab2.impl.PRUELLERRADLER.FA.getEpsilonQuant(FA.java:120)
	at ab2.impl.PRUELLERRADLER.FA.getEpsilonQuant(FA.java:120)
	at ab2.impl.PRUELLERRADLER.FA.getEpsilonQuant(FA.java:120)
	at ab2.impl.PRUELLERRADLER.FA.getEpsilonQuant(FA.java:120)
	at ab2.impl.PRUELLERRADLER.FA.getEpsilonQuant(FA.java:120)
	at ab2.impl.PRUELLERRADLER.FA.getEpsilonQuant(FA.java:120)
	at ab2.impl.PRUELLERRADLER.FA.getEpsilonQuant(FA.java:120)
	at ab2.impl.PRUELLERRADLER.FA.getEpsilonQuant(FA.java:120)
	at ab2.impl.PRUELLERRADLER.FA.getEpsilonQuant(FA.java:120)
	at ab2.impl.PRUELLERRADLER.FA.getEpsilonQuant(FA.java:120)
	at ab2.impl.PRUELLERRADLER.FA.getEpsilonQuant(FA.java:120)
	at ab2.impl.PRUELLERRADLER.FA.getEpsilonQuant(FA.java:120)
	at ab2.impl.PRUELLERRADLER.FA.getEpsilonQuant(FA.java:120)
	at ab2.impl.PRUELLERRADLER.FA.getEpsilonQuant(FA.java:120)
	at ab2.impl.PRUELLERRADLER.FA.getEpsilonQuant(FA.java:120)
	at ab2.impl.PRUELLERRADLER.FA.getEpsilonQuant(FA.java:120)
	at ab2.impl.PRUELLERRADLER.FA.getEpsilonQuant(FA.java:120)
	at ab2.impl.PRUELLERRADLER.FA.getEpsilonQuant(FA.java:120)
	at ab2.impl.PRUELLERRADLER.FA.getEpsilonQuant(FA.java:120)
	at ab2.impl.PRUELLERRADLER.FA.getEpsilonQuant(FA.java:120)
	at ab2.impl.PRUELLERRADLER.FA.getEpsilonQuant(FA.java:120)
	at ab2.impl.PRUELLERRADLER.FA.getEpsilonQuant(FA.java:120)
	at ab2.impl.PRUELLERRADLER.FA.getEpsilonQuant(FA.java:120)
	at ab2.impl.PRUELLERRADLER.FA.getEpsilonQuant(FA.java:120)
	at ab2.impl.PRUELLERRADLER.FA.getEpsilonQuant(FA.java:120)
	at ab2.impl.PRUELLERRADLER.FA.getEpsilonQuant(FA.java:120)
	at ab2.impl.PRUELLERRADLER.FA.getEpsilonQuant(FA.java:120)
	at ab2.impl.PRUELLERRADLER.FA.getEpsilonQuant(FA.java:120)
	at ab2.impl.PRUELLERRADLER.FA.getEpsilonQuant(FA.java:120)
	at ab2.impl.PRUELLERRADLER.FA.getEpsilonQuant(FA.java:120)
	at ab2.impl.PRUELLERRADLER.FA.getEpsilonQuant(FA.java:120)
	at ab2.impl.PRUELLERRADLER.FA.getEpsilonQuant(FA.java:120)
	at ab2.impl.PRUELLERRADLER.FA.getEpsilonQuant(FA.java:120)
	at ab2.impl.PRUELLERRADLER.FA.getEpsilonQuant(FA.java:120)
	at ab2.impl.PRUELLERRADLER.FA.getEpsilonQuant(FA.java:120)
	at ab2.impl.PRUELLERRADLER.FA.getEpsilonQuant(FA.java:120)
	at ab2.impl.PRUELLERRADLER.FA.getEpsilonQuant(FA.java:120)
	at ab2.impl.PRUELLERRADLER.FA.getEpsilonQuant(FA.java:120)
	at ab2.impl.PRUELLERRADLER.FA.getEpsilonQuant(FA.java:120)
	at ab2.impl.PRUELLERRADLER.FA.getEpsilonQuant(FA.java:120)
	at ab2.impl.PRUELLERRADLER.FA.getEpsilonQuant(FA.java:120)
	at ab2.impl.PRUELLERRADLER.FA.getEpsilonQuant(FA.java:120)
	at ab2.impl.PRUELLERRADLER.FA.getEpsilonQuant(FA.java:120)
	at ab2.impl.PRUELLERRADLER.FA.getEpsilonQuant(FA.java:120)
	at ab2.impl.PRUELLERRADLER.FA.getEpsilonQuant(FA.java:120)
	at ab2.impl.PRUELLERRADLER.FA.getEpsilonQuant(FA.java:120)
	at ab2.impl.PRUELLERRADLER.FA.getEpsilonQuant(FA.java:120)
	at ab2.impl.PRUELLERRADLER.FA.getEpsilonQuant(FA.java:120)
	at ab2.impl.PRUELLERRADLER.FA.getEpsilonQuant(FA.java:120)
	at ab2.impl.PRUELLERRADLER.FA.getEpsilonQuant(FA.java:120)
	at ab2.impl.PRUELLERRADLER.FA.getEpsilonQuant(FA.java:120)
	at ab2.impl.PRUELLERRADLER.FA.getEpsilonQuant(FA.java:120)
	at ab2.impl.PRUELLERRADLER.FA.getEpsilonQuant(FA.java:120)
	at ab2.impl.PRUELLERRADLER.FA.getEpsilonQuant(FA.java:120)
	at ab2.impl.PRUELLERRADLER.FA.getEpsilonQuant(FA.java:120)
	at ab2.impl.PRUELLERRADLER.FA.getEpsilonQuant(FA.java:120)
	at ab2.impl.PRUELLERRADLER.FA.getEpsilonQuant(FA.java:120)
	at ab2.impl.PRUELLERRADLER.FA.getEpsilonQuant(FA.java:120)
	at ab2.impl.PRUELLERRADLER.FA.getEpsilonQuant(FA.java:120)
	at ab2.impl.PRUELLERRADLER.FA.getEpsilonQuant(FA.java:120)
	at ab2.impl.PRUELLERRADLER.FA.getEpsilonQuant(FA.java:120)
	at ab2.impl.PRUELLERRADLER.FA.getEpsilonQuant(FA.java:120)
	at ab2.impl.PRUELLERRADLER.FA.getEpsilonQuant(FA.java:120)
	at ab2.impl.PRUELLERRADLER.FA.getEpsilonQuant(FA.java:120)
	at ab2.impl.PRUELLERRADLER.FA.getEpsilonQuant(FA.java:120)
	at ab2.impl.PRUELLERRADLER.FA.getEpsilonQuant(FA.java:120)
	at ab2.impl.PRUELLERRADLER.FA.getEpsilonQuant(FA.java:120)
	at ab2.impl.PRUELLERRADLER.FA.getEpsilonQuant(FA.java:120)
	at ab2.impl.PRUELLERRADLER.FA.getEpsilonQuant(FA.java:120)
	at ab2.impl.PRUELLERRADLER.FA.getEpsilonQuant(FA.java:120)
	at ab2.impl.PRUELLERRADLER.FA.getEpsilonQuant(FA.java:120)
	at ab2.impl.PRUELLERRADLER.FA.getEpsilonQuant(FA.java:120)
	at ab2.impl.PRUELLERRADLER.FA.getEpsilonQuant(FA.java:120)
	at ab2.impl.PRUELLERRADLER.FA.getEpsilonQuant(FA.java:120)
	at ab2.impl.PRUELLERRADLER.FA.getEpsilonQuant(FA.java:120)
	at ab2.impl.PRUELLERRADLER.FA.getEpsilonQuant(FA.java:120)
	at ab2.impl.PRUELLERRADLER.FA.getEpsilonQuant(FA.java:120)
	at ab2.impl.PRUELLERRADLER.FA.getEpsilonQuant(FA.java:120)
	at ab2.impl.PRUELLERRADLER.FA.getEpsilonQuant(FA.java:120)
	at ab2.impl.PRUELLERRADLER.FA.getEpsilonQuant(FA.java:120)
	at ab2.impl.PRUELLERRADLER.FA.getEpsilonQuant(FA.java:120)
	at ab2.impl.PRUELLERRADLER.FA.getEpsilonQuant(FA.java:120)
	at ab2.impl.PRUELLERRADLER.FA.getEpsilonQuant(FA.java:120)
	at ab2.impl.PRUELLERRADLER.FA.getEpsilonQuant(FA.java:120)
	at ab2.impl.PRUELLERRADLER.FA.getEpsilonQuant(FA.java:120)
	at ab2.impl.PRUELLERRADLER.FA.getEpsilonQuant(FA.java:120)
	at ab2.impl.PRUELLERRADLER.FA.getEpsilonQuant(FA.java:120)
	at ab2.impl.PRUELLERRADLER.FA.getEpsilonQuant(FA.java:120)
	at ab2.impl.PRUELLERRADLER.FA.getEpsilonQuant(FA.java:120)
	at ab2.impl.PRUELLERRADLER.FA.getEpsilonQuant(FA.java:120)
	at ab2.impl.PRUELLERRADLER.FA.getEpsilonQuant(FA.java:120)
	at ab2.impl.PRUELLERRADLER.FA.getEpsilonQuant(FA.java:120)
	at ab2.impl.PRUELLERRADLER.FA.getEpsilonQuant(FA.java:120)
	at ab2.impl.PRUELLERRADLER.FA.getEpsilonQuant(FA.java:120)
	at ab2.impl.PRUELLERRADLER.FA.getEpsilonQuant(FA.java:120)
	at ab2.impl.PRUELLERRADLER.FA.getEpsilonQuant(FA.java:120)
	at ab2.impl.PRUELLERRADLER.FA.getEpsilonQuant(FA.java:120)
	at ab2.impl.PRUELLERRADLER.FA.getEpsilonQuant(FA.java:120)
	at ab2.impl.PRUELLERRADLER.FA.getEpsilonQuant(FA.java:120)
	at ab2.impl.PRUELLERRADLER.FA.getEpsilonQuant(FA.java:120)
	at ab2.impl.PRUELLERRADLER.FA.getEpsilonQuant(FA.java:120)
	at ab2.impl.PRUELLERRADLER.FA.getEpsilonQuant(FA.java:120)
	at ab2.impl.PRUELLERRADLER.FA.getEpsilonQuant(FA.java:120)
	at ab2.impl.PRUELLERRADLER.FA.getEpsilonQuant(FA.java:120)
	at ab2.impl.PRUELLERRADLER.FA.getEpsilonQuant(FA.java:120)
	at ab2.impl.PRUELLERRADLER.FA.getEpsilonQuant(FA.java:120)
	at ab2.impl.PRUELLERRADLER.FA.getEpsilonQuant(FA.java:120)
	at ab2.impl.PRUELLERRADLER.FA.getEpsilonQuant(FA.java:120)
	at ab2.impl.PRUELLERRADLER.FA.getEpsilonQuant(FA.java:120)
	at ab2.impl.PRUELLERRADLER.FA.getEpsilonQuant(FA.java:120)
	at ab2.impl.PRUELLERRADLER.FA.getEpsilonQuant(FA.java:120)
	at ab2.impl.PRUELLERRADLER.FA.getEpsilonQuant(FA.java:120)
	at ab2.impl.PRUELLERRADLER.FA.getEpsilonQuant(FA.java:120)
	at ab2.impl.PRUELLERRADLER.FA.getEpsilonQuant(FA.java:120)
	at ab2.impl.PRUELLERRADLER.FA.getEpsilonQuant(FA.java:120)
	at ab2.impl.PRUELLERRADLER.FA.getEpsilonQuant(FA.java:120)
	at ab2.impl.PRUELLERRADLER.FA.getEpsilonQuant(FA.java:120)
	at ab2.impl.PRUELLERRADLER.FA.getEpsilonQuant(FA.java:120)
	at ab2.impl.PRUELLERRADLER.FA.getEpsilonQuant(FA.java:120)
	at ab2.impl.PRUELLERRADLER.FA.getEpsilonQuant(FA.java:120)
	at ab2.impl.PRUELLERRADLER.FA.getEpsilonQuant(FA.java:120)
	at ab2.impl.PRUELLERRADLER.FA.getEpsilonQuant(FA.java:120)
	at ab2.impl.PRUELLERRADLER.FA.getEpsilonQuant(FA.java:120)
	at ab2.impl.PRUELLERRADLER.FA.getEpsilonQuant(FA.java:120)
	at ab2.impl.PRUELLERRADLER.FA.getEpsilonQuant(FA.java:120)
	at ab2.impl.PRUELLERRADLER.FA.getEpsilonQuant(FA.java:120)
	at ab2.impl.PRUELLERRADLER.FA.getEpsilonQuant(FA.java:120)
	at ab2.impl.PRUELLERRADLER.FA.getEpsilonQuant(FA.java:120)
	at ab2.impl.PRUELLERRADLER.FA.getEpsilonQuant(FA.java:120)
	at ab2.impl.PRUELLERRADLER.FA.getEpsilonQuant(FA.java:120)
	at ab2.impl.PRUELLERRADLER.FA.getEpsilonQuant(FA.java:120)
	at ab2.impl.PRUELLERRADLER.FA.getEpsilonQuant(FA.java:120)
	at ab2.impl.PRUELLERRADLER.FA.getEpsilonQuant(FA.java:120)
	at ab2.impl.PRUELLERRADLER.FA.getEpsilonQuant(FA.java:120)
	at ab2.impl.PRUELLERRADLER.FA.getEpsilonQuant(FA.java:120)
	at ab2.impl.PRUELLERRADLER.FA.getEpsilonQuant(FA.java:120)
	at ab2.impl.PRUELLERRADLER.FA.getEpsilonQuant(FA.java:120)
	at ab2.impl.PRUELLERRADLER.FA.getEpsilonQuant(FA.java:120)
	at ab2.impl.PRUELLERRADLER.FA.getEpsilonQuant(FA.java:120)
	at ab2.impl.PRUELLERRADLER.FA.getEpsilonQuant(FA.java:120)
	at ab2.impl.PRUELLERRADLER.FA.getEpsilonQuant(FA.java:120)
	at ab2.impl.PRUELLERRADLER.FA.getEpsilonQuant(FA.java:120)
	at ab2.impl.PRUELLERRADLER.FA.getEpsilonQuant(FA.java:120)
	at ab2.impl.PRUELLERRADLER.FA.getEpsilonQuant(FA.java:120)
	at ab2.impl.PRUELLERRADLER.FA.getEpsilonQuant(FA.java:120)
	at ab2.impl.PRUELLERRADLER.FA.getEpsilonQuant(FA.java:120)
	at ab2.impl.PRUELLERRADLER.FA.getEpsilonQuant(FA.java:120)
	at ab2.impl.PRUELLERRADLER.FA.getEpsilonQuant(FA.java:120)
	at ab2.impl.PRUELLERRADLER.FA.getEpsilonQuant(FA.java:120)
	at ab2.impl.PRUELLERRADLER.FA.getEpsilonQuant(FA.java:120)
	at ab2.impl.PRUELLERRADLER.FA.getEpsilonQuant(FA.java:120)
	at ab2.impl.PRUELLERRADLER.FA.getEpsilonQuant(FA.java:120)
	at ab2.impl.PRUELLERRADLER.FA.getEpsilonQuant(FA.java:120)
	at ab2.impl.PRUELLERRADLER.FA.getEpsilonQuant(FA.java:120)
	at ab2.impl.PRUELLERRADLER.FA.getEpsilonQuant(FA.java:120)
	at ab2.impl.PRUELLERRADLER.FA.getEpsilonQuant(FA.java:120)
	at ab2.impl.PRUELLERRADLER.FA.getEpsilonQuant(FA.java:120)
	at ab2.impl.PRUELLERRADLER.FA.getEpsilonQuant(FA.java:120)
	at ab2.impl.PRUELLERRADLER.FA.getEpsilonQuant(FA.java:120)
	at ab2.impl.PRUELLERRADLER.FA.getEpsilonQuant(FA.java:120)
	at ab2.impl.PRUELLERRADLER.FA.getEpsilonQuant(FA.java:120)
	at ab2.impl.PRUELLERRADLER.FA.getEpsilonQuant(FA.java:120)
	at ab2.impl.PRUELLERRADLER.FA.getEpsilonQuant(FA.java:120)
	at ab2.impl.PRUELLERRADLER.FA.getEpsilonQuant(FA.java:120)
	at ab2.impl.PRUELLERRADLER.FA.getEpsilonQuant(FA.java:120)
	at ab2.impl.PRUELLERRADLER.FA.getEpsilonQuant(FA.java:120)
	at ab2.impl.PRUELLERRADLER.FA.getEpsilonQuant(FA.java:120)
	at ab2.impl.PRUELLERRADLER.FA.getEpsilonQuant(FA.java:120)
	at ab2.impl.PRUELLERRADLER.FA.getEpsilonQuant(FA.java:120)
	at ab2.impl.PRUELLERRADLER.FA.getEpsilonQuant(FA.java:120)
	at ab2.impl.PRUELLERRADLER.FA.getEpsilonQuant(FA.java:120)
	at ab2.impl.PRUELLERRADLER.FA.getEpsilonQuant(FA.java:120)
	at ab2.impl.PRUELLERRADLER.FA.getEpsilonQuant(FA.java:120)
	at ab2.impl.PRUELLERRADLER.FA.getEpsilonQuant(FA.java:120)
	at ab2.impl.PRUELLERRADLER.FA.getEpsilonQuant(FA.java:120)
	at ab2.impl.PRUELLERRADLER.FA.getEpsilonQuant(FA.java:120)
	at ab2.impl.PRUELLERRADLER.FA.getEpsilonQuant(FA.java:120)
	at ab2.impl.PRUELLERRADLER.FA.getEpsilonQuant(FA.java:120)
	at ab2.impl.PRUELLERRADLER.FA.getEpsilonQuant(FA.java:120)
	at ab2.impl.PRUELLERRADLER.FA.getEpsilonQuant(FA.java:120)
	at ab2.impl.PRUELLERRADLER.FA.getEpsilonQuant(FA.java:120)
	at ab2.impl.PRUELLERRADLER.FA.getEpsilonQuant(FA.java:120)
	at ab2.impl.PRUELLERRADLER.FA.getEpsilonQuant(FA.java:120)
	at ab2.impl.PRUELLERRADLER.FA.getEpsilonQuant(FA.java:120)
	at ab2.impl.PRUELLERRADLER.FA.getEpsilonQuant(FA.java:120)
	at ab2.impl.PRUELLERRADLER.FA.getEpsilonQuant(FA.java:120)
	at ab2.impl.PRUELLERRADLER.FA.getEpsilonQuant(FA.java:120)
	at ab2.impl.PRUELLERRADLER.FA.getEpsilonQuant(FA.java:120)
	at ab2.impl.PRUELLERRADLER.FA.getEpsilonQuant(FA.java:120)
	at ab2.impl.PRUELLERRADLER.FA.getEpsilonQuant(FA.java:120)
	at ab2.impl.PRUELLERRADLER.FA.getEpsilonQuant(FA.java:120)
	at ab2.impl.PRUELLERRADLER.FA.getEpsilonQuant(FA.java:120)
	at ab2.impl.PRUELLERRADLER.FA.getEpsilonQuant(FA.java:120)
	at ab2.impl.PRUELLERRADLER.FA.getEpsilonQuant(FA.java:120)
	at ab2.impl.PRUELLERRADLER.FA.getEpsilonQuant(FA.java:120)
	at ab2.impl.PRUELLERRADLER.FA.getEpsilonQuant(FA.java:120)
	at ab2.impl.PRUELLERRADLER.FA.getEpsilonQuant(FA.java:120)
	at ab2.impl.PRUELLERRADLER.FA.getEpsilonQuant(FA.java:120)
	at ab2.impl.PRUELLERRADLER.FA.getEpsilonQuant(FA.java:120)
	at ab2.impl.PRUELLERRADLER.FA.getEpsilonQuant(FA.java:120)
	at ab2.impl.PRUELLERRADLER.FA.getEpsilonQuant(FA.java:120)
	at ab2.impl.PRUELLERRADLER.FA.getEpsilonQuant(FA.java:120)
	at ab2.impl.PRUELLERRADLER.FA.getEpsilonQuant(FA.java:120)
	at ab2.impl.PRUELLERRADLER.FA.getEpsilonQuant(FA.java:120)
	at ab2.impl.PRUELLERRADLER.FA.getEpsilonQuant(FA.java:120)
	at ab2.impl.PRUELLERRADLER.FA.getEpsilonQuant(FA.java:120)
	at ab2.impl.PRUELLERRADLER.FA.getEpsilonQuant(FA.java:120)
	at ab2.impl.PRUELLERRADLER.FA.getEpsilonQuant(FA.java:120)
	at ab2.impl.PRUELLERRADLER.FA.getEpsilonQuant(FA.java:120)
	at ab2.impl.PRUELLERRADLER.FA.getEpsilonQuant(FA.java:120)
	at ab2.impl.PRUELLERRADLER.FA.getEpsilonQuant(FA.java:120)
	at ab2.impl.PRUELLERRADLER.FA.getEpsilonQuant(FA.java:120)
	at ab2.impl.PRUELLERRADLER.FA.getEpsilonQuant(FA.java:120)
	at ab2.impl.PRUELLERRADLER.FA.getEpsilonQuant(FA.java:120)
	at ab2.impl.PRUELLERRADLER.FA.getEpsilonQuant(FA.java:120)
	at ab2.impl.PRUELLERRADLER.FA.getEpsilonQuant(FA.java:120)
	at ab2.impl.PRUELLERRADLER.FA.getEpsilonQuant(FA.java:120)
	at ab2.impl.PRUELLERRADLER.FA.getEpsilonQuant(FA.java:120)
	at ab2.impl.PRUELLERRADLER.FA.getEpsilonQuant(FA.java:120)
	at ab2.impl.PRUELLERRADLER.FA.getEpsilonQuant(FA.java:120)
	at ab2.impl.PRUELLERRADLER.FA.getEpsilonQuant(FA.java:120)
	at ab2.impl.PRUELLERRADLER.FA.getEpsilonQuant(FA.java:120)
	at ab2.impl.PRUELLERRADLER.FA.getEpsilonQuant(FA.java:120)
	at ab2.impl.PRUELLERRADLER.FA.getEpsilonQuant(FA.java:120)
	at ab2.impl.PRUELLERRADLER.FA.getEpsilonQuant(FA.java:120)
	at ab2.impl.PRUELLERRADLER.FA.getEpsilonQuant(FA.java:120)
	at ab2.impl.PRUELLERRADLER.FA.getEpsilonQuant(FA.java:120)
	at ab2.impl.PRUELLERRADLER.FA.getEpsilonQuant(FA.java:120)
	at ab2.impl.PRUELLERRADLER.FA.getEpsilonQuant(FA.java:120)
	at ab2.impl.PRUELLERRADLER.FA.getEpsilonQuant(FA.java:120)
	at ab2.impl.PRUELLERRADLER.FA.getEpsilonQuant(FA.java:120)
	at ab2.impl.PRUELLERRADLER.FA.getEpsilonQuant(FA.java:120)
	at ab2.impl.PRUELLERRADLER.FA.getEpsilonQuant(FA.java:120)
	at ab2.impl.PRUELLERRADLER.FA.getEpsilonQuant(FA.java:120)
	at ab2.impl.PRUELLERRADLER.FA.getEpsilonQuant(FA.java:120)
	at ab2.impl.PRUELLERRADLER.FA.getEpsilonQuant(FA.java:120)
	at ab2.impl.PRUELLERRADLER.FA.getEpsilonQuant(FA.java:120)
	at ab2.impl.PRUELLERRADLER.FA.getEpsilonQuant(FA.java:120)
	at ab2.impl.PRUELLERRADLER.FA.getEpsilonQuant(FA.java:120)
	at ab2.impl.PRUELLERRADLER.FA.getEpsilonQuant(FA.java:120)
	at ab2.impl.PRUELLERRADLER.FA.getEpsilonQuant(FA.java:120)
	at ab2.impl.PRUELLERRADLER.FA.getEpsilonQuant(FA.java:120)
	at ab2.impl.PRUELLERRADLER.FA.getEpsilonQuant(FA.java:120)
	at ab2.impl.PRUELLERRADLER.FA.getEpsilonQuant(FA.java:120)
	at ab2.impl.PRUELLERRADLER.FA.getEpsilonQuant(FA.java:120)
	at ab2.impl.PRUELLERRADLER.FA.getEpsilonQuant(FA.java:120)
	at ab2.impl.PRUELLERRADLER.FA.getEpsilonQuant(FA.java:120)
	at ab2.impl.PRUELLERRADLER.FA.getEpsilonQuant(FA.java:120)
	at ab2.impl.PRUELLERRADLER.FA.getEpsilonQuant(FA.java:120)
	at ab2.impl.PRUELLERRADLER.FA.getEpsilonQuant(FA.java:120)
	at ab2.impl.PRUELLERRADLER.FA.getEpsilonQuant(FA.java:120)
	at ab2.impl.PRUELLERRADLER.FA.getEpsilonQuant(FA.java:120)
	at ab2.impl.PRUELLERRADLER.FA.getEpsilonQuant(FA.java:120)
	at ab2.impl.PRUELLERRADLER.FA.getEpsilonQuant(FA.java:120)
	at ab2.impl.PRUELLERRADLER.FA.getEpsilonQuant(FA.java:120)
[...]
	at org.junit.jupiter.engine.execution.ExecutableInvoker.invoke(ExecutableInvoker.java:104)
	at org.junit.jupiter.engine.execution.ExecutableInvoker.invoke(ExecutableInvoker.java:98)
	at org.junit.jupiter.engine.descriptor.TestMethodTestDescriptor.lambda$invokeTestMethod$6(TestMethodTestDescriptor.java:205)
	at org.junit.platform.engine.support.hierarchical.ThrowableCollector.execute(ThrowableCollector.java:73)
	at org.junit.jupiter.engine.descriptor.TestMethodTestDescriptor.invokeTestMethod(TestMethodTestDescriptor.java:201)
	at org.junit.jupiter.engine.descriptor.TestMethodTestDescriptor.execute(TestMethodTestDescriptor.java:137)
	at org.junit.jupiter.engine.descriptor.TestMethodTestDescriptor.execute(TestMethodTestDescriptor.java:71)
	at org.junit.platform.engine.support.hierarchical.NodeTestTask.lambda$executeRecursively$5(NodeTestTask.java:135)
	at org.junit.platform.engine.support.hierarchical.ThrowableCollector.execute(ThrowableCollector.java:73)
	at org.junit.platform.engine.support.hierarchical.NodeTestTask.lambda$executeRecursively$7(NodeTestTask.java:125)
	at org.junit.platform.engine.support.hierarchical.Node.around(Node.java:135)
	at org.junit.platform.engine.support.hierarchical.NodeTestTask.lambda$executeRecursively$8(NodeTestTask.java:123)
	at org.junit.platform.engine.support.hierarchical.ThrowableCollector.execute(ThrowableCollector.java:73)
	at org.junit.platform.engine.support.hierarchical.NodeTestTask.executeRecursively(NodeTestTask.java:122)
	at org.junit.platform.engine.support.hierarchical.NodeTestTask.execute(NodeTestTask.java:80)
	at java.base/java.util.ArrayList.forEach(ArrayList.java:1507)
	at org.junit.platform.engine.support.hierarchical.SameThreadHierarchicalTestExecutorService.invokeAll(SameThreadHierarchicalTestExecutorService.java:38)
	at org.junit.platform.engine.support.hierarchical.NodeTestTask.lambda$executeRecursively$5(NodeTestTask.java:139)
	at org.junit.platform.engine.support.hierarchical.ThrowableCollector.execute(ThrowableCollector.java:73)
	at org.junit.platform.engine.support.hierarchical.NodeTestTask.lambda$executeRecursively$7(NodeTestTask.java:125)
	at org.junit.platform.engine.support.hierarchical.Node.around(Node.java:135)
	at org.junit.platform.engine.support.hierarchical.NodeTestTask.lambda$executeRecursively$8(NodeTestTask.java:123)
	at org.junit.platform.engine.support.hierarchical.ThrowableCollector.execute(ThrowableCollector.java:73)
	at org.junit.platform.engine.support.hierarchical.NodeTestTask.executeRecursively(NodeTestTask.java:122)
	at org.junit.platform.engine.support.hierarchical.NodeTestTask.execute(NodeTestTask.java:80)
	at java.base/java.util.ArrayList.forEach(ArrayList.java:1507)
	at org.junit.platform.engine.support.hierarchical.SameThreadHierarchicalTestExecutorService.invokeAll(SameThreadHierarchicalTestExecutorService.java:38)
	at org.junit.platform.engine.support.hierarchical.NodeTestTask.lambda$executeRecursively$5(NodeTestTask.java:139)
	at org.junit.platform.engine.support.hierarchical.ThrowableCollector.execute(ThrowableCollector.java:73)
	at org.junit.platform.engine.support.hierarchical.NodeTestTask.lambda$executeRecursively$7(NodeTestTask.java:125)
	at org.junit.platform.engine.support.hierarchical.Node.around(Node.java:135)
	at org.junit.platform.engine.support.hierarchical.NodeTestTask.lambda$executeRecursively$8(NodeTestTask.java:123)
	at org.junit.platform.engine.support.hierarchical.ThrowableCollector.execute(ThrowableCollector.java:73)
	at org.junit.platform.engine.support.hierarchical.NodeTestTask.executeRecursively(NodeTestTask.java:122)
	at org.junit.platform.engine.support.hierarchical.NodeTestTask.execute(NodeTestTask.java:80)
	at org.junit.platform.engine.support.hierarchical.SameThreadHierarchicalTestExecutorService.submit(SameThreadHierarchicalTestExecutorService.java:32)
	at org.junit.platform.engine.support.hierarchical.HierarchicalTestExecutor.execute(HierarchicalTestExecutor.java:57)
	at org.junit.platform.engine.support.hierarchical.HierarchicalTestEngine.execute(HierarchicalTestEngine.java:51)
	at org.junit.platform.launcher.core.DefaultLauncher.execute(DefaultLauncher.java:248)
	at org.junit.platform.launcher.core.DefaultLauncher.lambda$execute$5(DefaultLauncher.java:211)
	at org.junit.platform.launcher.core.DefaultLauncher.withInterceptedStreams(DefaultLauncher.java:226)
	at org.junit.platform.launcher.core.DefaultLauncher.execute(DefaultLauncher.java:199)
	at org.junit.platform.launcher.core.DefaultLauncher.execute(DefaultLauncher.java:132)
	at org.gradle.api.internal.tasks.testing.junitplatform.JUnitPlatformTestClassProcessor$CollectAllTestClassesExecutor.processAllTestClasses(JUnitPlatformTestClassProcessor.java:99)
	at org.gradle.api.internal.tasks.testing.junitplatform.JUnitPlatformTestClassProcessor$CollectAllTestClassesExecutor.access$000(JUnitPlatformTestClassProcessor.java:79)
	at org.gradle.api.internal.tasks.testing.junitplatform.JUnitPlatformTestClassProcessor.stop(JUnitPlatformTestClassProcessor.java:75)
	at org.gradle.api.internal.tasks.testing.SuiteTestClassProcessor.stop(SuiteTestClassProcessor.java:61)
	at java.base/jdk.internal.reflect.NativeMethodAccessorImpl.invoke0(Native Method)
	at java.base/jdk.internal.reflect.NativeMethodAccessorImpl.invoke(NativeMethodAccessorImpl.java:62)
	at java.base/jdk.internal.reflect.DelegatingMethodAccessorImpl.invoke(DelegatingMethodAccessorImpl.java:43)
	at java.base/java.lang.reflect.Method.invoke(Method.java:567)
	at org.gradle.internal.dispatch.ReflectionDispatch.dispatch(ReflectionDispatch.java:36)
	at org.gradle.internal.dispatch.ReflectionDispatch.dispatch(ReflectionDispatch.java:24)
	at org.gradle.internal.dispatch.ContextClassLoaderDispatch.dispatch(ContextClassLoaderDispatch.java:33)
	at org.gradle.internal.dispatch.ProxyDispatchAdapter$DispatchingInvocationHandler.invoke(ProxyDispatchAdapter.java:94)
	at com.sun.proxy.$Proxy2.stop(Unknown Source)
	at org.gradle.api.internal.tasks.testing.worker.TestWorker.stop(TestWorker.java:133)
	at java.base/jdk.internal.reflect.NativeMethodAccessorImpl.invoke0(Native Method)
	at java.base/jdk.internal.reflect.NativeMethodAccessorImpl.invoke(NativeMethodAccessorImpl.java:62)
	at java.base/jdk.internal.reflect.DelegatingMethodAccessorImpl.invoke(DelegatingMethodAccessorImpl.java:43)
	at java.base/java.lang.reflect.Method.invoke(Method.java:567)
	at org.gradle.internal.dispatch.ReflectionDispatch.dispatch(ReflectionDispatch.java:36)
	at org.gradle.internal.dispatch.ReflectionDispatch.dispatch(ReflectionDispatch.java:24)
	at org.gradle.internal.remote.internal.hub.MessageHubBackedObjectConnection$DispatchWrapper.dispatch(MessageHubBackedObjectConnection.java:182)
	at org.gradle.internal.remote.internal.hub.MessageHubBackedObjectConnection$DispatchWrapper.dispatch(MessageHubBackedObjectConnection.java:164)
	at org.gradle.internal.remote.internal.hub.MessageHub$Handler.run(MessageHub.java:414)
	at org.gradle.internal.concurrent.ExecutorPolicy$CatchAndRecordFailures.onExecute(ExecutorPolicy.java:64)
	at org.gradle.internal.concurrent.ManagedExecutorImpl$1.run(ManagedExecutorImpl.java:48)
	at java.base/java.util.concurrent.ThreadPoolExecutor.runWorker(ThreadPoolExecutor.java:1128)
	at java.base/java.util.concurrent.ThreadPoolExecutor$Worker.run(ThreadPoolExecutor.java:628)
	at org.gradle.internal.concurrent.ThreadFactoryImpl$ManagedThreadRunnable.run(ThreadFactoryImpl.java:56)
	at java.base/java.lang.Thread.run(Thread.java:830)
</failure>
  </testcase>
  <testcase name="toRSA_Properties()" classname="ab2.Tests" time="0.012">
    <failure message="org.opentest4j.AssertionFailedError: expected: &lt;false&gt; but was: &lt;true&gt;" type="org.opentest4j.AssertionFailedError">org.opentest4j.AssertionFailedError: expected: &lt;false&gt; but was: &lt;true&gt;
	at org.junit.jupiter.api.AssertionUtils.fail(AssertionUtils.java:55)
	at org.junit.jupiter.api.AssertFalse.assertFalse(AssertFalse.java:40)
	at org.junit.jupiter.api.AssertFalse.assertFalse(AssertFalse.java:35)
	at org.junit.jupiter.api.Assertions.assertFalse(Assertions.java:210)
	at ab2.Tests.testPropertiesNFA3(Tests.java:1964)
	at ab2.Tests.toRSA_Properties(Tests.java:1667)
	at java.base/jdk.internal.reflect.NativeMethodAccessorImpl.invoke0(Native Method)
	at java.base/jdk.internal.reflect.NativeMethodAccessorImpl.invoke(NativeMethodAccessorImpl.java:62)
	at java.base/jdk.internal.reflect.DelegatingMethodAccessorImpl.invoke(DelegatingMethodAccessorImpl.java:43)
	at java.base/java.lang.reflect.Method.invoke(Method.java:567)
	at org.junit.platform.commons.util.ReflectionUtils.invokeMethod(ReflectionUtils.java:686)
	at org.junit.jupiter.engine.execution.MethodInvocation.proceed(MethodInvocation.java:60)
	at org.junit.jupiter.engine.execution.InvocationInterceptorChain$ValidatingInvocation.proceed(InvocationInterceptorChain.java:131)
	at org.junit.jupiter.engine.extension.TimeoutExtension.intercept(TimeoutExtension.java:149)
	at org.junit.jupiter.engine.extension.TimeoutExtension.interceptTestableMethod(TimeoutExtension.java:140)
	at org.junit.jupiter.engine.extension.TimeoutExtension.interceptTestMethod(TimeoutExtension.java:84)
	at org.junit.jupiter.engine.execution.ExecutableInvoker$ReflectiveInterceptorCall.lambda$ofVoidMethod$0(ExecutableInvoker.java:115)
	at org.junit.jupiter.engine.execution.ExecutableInvoker.lambda$invoke$0(ExecutableInvoker.java:105)
	at org.junit.jupiter.engine.execution.InvocationInterceptorChain$InterceptedInvocation.proceed(InvocationInterceptorChain.java:106)
	at org.junit.jupiter.engine.execution.InvocationInterceptorChain.proceed(InvocationInterceptorChain.java:64)
	at org.junit.jupiter.engine.execution.InvocationInterceptorChain.chainAndInvoke(InvocationInterceptorChain.java:45)
	at org.junit.jupiter.engine.execution.InvocationInterceptorChain.invoke(InvocationInterceptorChain.java:37)
	at org.junit.jupiter.engine.execution.ExecutableInvoker.invoke(ExecutableInvoker.java:104)
	at org.junit.jupiter.engine.execution.ExecutableInvoker.invoke(ExecutableInvoker.java:98)
	at org.junit.jupiter.engine.descriptor.TestMethodTestDescriptor.lambda$invokeTestMethod$6(TestMethodTestDescriptor.java:205)
	at org.junit.platform.engine.support.hierarchical.ThrowableCollector.execute(ThrowableCollector.java:73)
	at org.junit.jupiter.engine.descriptor.TestMethodTestDescriptor.invokeTestMethod(TestMethodTestDescriptor.java:201)
	at org.junit.jupiter.engine.descriptor.TestMethodTestDescriptor.execute(TestMethodTestDescriptor.java:137)
	at org.junit.jupiter.engine.descriptor.TestMethodTestDescriptor.execute(TestMethodTestDescriptor.java:71)
	at org.junit.platform.engine.support.hierarchical.NodeTestTask.lambda$executeRecursively$5(NodeTestTask.java:135)
	at org.junit.platform.engine.support.hierarchical.ThrowableCollector.execute(ThrowableCollector.java:73)
	at org.junit.platform.engine.support.hierarchical.NodeTestTask.lambda$executeRecursively$7(NodeTestTask.java:125)
	at org.junit.platform.engine.support.hierarchical.Node.around(Node.java:135)
	at org.junit.platform.engine.support.hierarchical.NodeTestTask.lambda$executeRecursively$8(NodeTestTask.java:123)
	at org.junit.platform.engine.support.hierarchical.ThrowableCollector.execute(ThrowableCollector.java:73)
	at org.junit.platform.engine.support.hierarchical.NodeTestTask.executeRecursively(NodeTestTask.java:122)
	at org.junit.platform.engine.support.hierarchical.NodeTestTask.execute(NodeTestTask.java:80)
	at java.base/java.util.ArrayList.forEach(ArrayList.java:1507)
	at org.junit.platform.engine.support.hierarchical.SameThreadHierarchicalTestExecutorService.invokeAll(SameThreadHierarchicalTestExecutorService.java:38)
	at org.junit.platform.engine.support.hierarchical.NodeTestTask.lambda$executeRecursively$5(NodeTestTask.java:139)
	at org.junit.platform.engine.support.hierarchical.ThrowableCollector.execute(ThrowableCollector.java:73)
	at org.junit.platform.engine.support.hierarchical.NodeTestTask.lambda$executeRecursively$7(NodeTestTask.java:125)
	at org.junit.platform.engine.support.hierarchical.Node.around(Node.java:135)
	at org.junit.platform.engine.support.hierarchical.NodeTestTask.lambda$executeRecursively$8(NodeTestTask.java:123)
	at org.junit.platform.engine.support.hierarchical.ThrowableCollector.execute(ThrowableCollector.java:73)
	at org.junit.platform.engine.support.hierarchical.NodeTestTask.executeRecursively(NodeTestTask.java:122)
	at org.junit.platform.engine.support.hierarchical.NodeTestTask.execute(NodeTestTask.java:80)
	at java.base/java.util.ArrayList.forEach(ArrayList.java:1507)
	at org.junit.platform.engine.support.hierarchical.SameThreadHierarchicalTestExecutorService.invokeAll(SameThreadHierarchicalTestExecutorService.java:38)
	at org.junit.platform.engine.support.hierarchical.NodeTestTask.lambda$executeRecursively$5(NodeTestTask.java:139)
	at org.junit.platform.engine.support.hierarchical.ThrowableCollector.execute(ThrowableCollector.java:73)
	at org.junit.platform.engine.support.hierarchical.NodeTestTask.lambda$executeRecursively$7(NodeTestTask.java:125)
	at org.junit.platform.engine.support.hierarchical.Node.around(Node.java:135)
	at org.junit.platform.engine.support.hierarchical.NodeTestTask.lambda$executeRecursively$8(NodeTestTask.java:123)
	at org.junit.platform.engine.support.hierarchical.ThrowableCollector.execute(ThrowableCollector.java:73)
	at org.junit.platform.engine.support.hierarchical.NodeTestTask.executeRecursively(NodeTestTask.java:122)
	at org.junit.platform.engine.support.hierarchical.NodeTestTask.execute(NodeTestTask.java:80)
	at org.junit.platform.engine.support.hierarchical.SameThreadHierarchicalTestExecutorService.submit(SameThreadHierarchicalTestExecutorService.java:32)
	at org.junit.platform.engine.support.hierarchical.HierarchicalTestExecutor.execute(HierarchicalTestExecutor.java:57)
	at org.junit.platform.engine.support.hierarchical.HierarchicalTestEngine.execute(HierarchicalTestEngine.java:51)
	at org.junit.platform.launcher.core.DefaultLauncher.execute(DefaultLauncher.java:248)
	at org.junit.platform.launcher.core.DefaultLauncher.lambda$execute$5(DefaultLauncher.java:211)
	at org.junit.platform.launcher.core.DefaultLauncher.withInterceptedStreams(DefaultLauncher.java:226)
	at org.junit.platform.launcher.core.DefaultLauncher.execute(DefaultLauncher.java:199)
	at org.junit.platform.launcher.core.DefaultLauncher.execute(DefaultLauncher.java:132)
	at org.gradle.api.internal.tasks.testing.junitplatform.JUnitPlatformTestClassProcessor$CollectAllTestClassesExecutor.processAllTestClasses(JUnitPlatformTestClassProcessor.java:99)
	at org.gradle.api.internal.tasks.testing.junitplatform.JUnitPlatformTestClassProcessor$CollectAllTestClassesExecutor.access$000(JUnitPlatformTestClassProcessor.java:79)
	at org.gradle.api.internal.tasks.testing.junitplatform.JUnitPlatformTestClassProcessor.stop(JUnitPlatformTestClassProcessor.java:75)
	at org.gradle.api.internal.tasks.testing.SuiteTestClassProcessor.stop(SuiteTestClassProcessor.java:61)
	at java.base/jdk.internal.reflect.NativeMethodAccessorImpl.invoke0(Native Method)
	at java.base/jdk.internal.reflect.NativeMethodAccessorImpl.invoke(NativeMethodAccessorImpl.java:62)
	at java.base/jdk.internal.reflect.DelegatingMethodAccessorImpl.invoke(DelegatingMethodAccessorImpl.java:43)
	at java.base/java.lang.reflect.Method.invoke(Method.java:567)
	at org.gradle.internal.dispatch.ReflectionDispatch.dispatch(ReflectionDispatch.java:36)
	at org.gradle.internal.dispatch.ReflectionDispatch.dispatch(ReflectionDispatch.java:24)
	at org.gradle.internal.dispatch.ContextClassLoaderDispatch.dispatch(ContextClassLoaderDispatch.java:33)
	at org.gradle.internal.dispatch.ProxyDispatchAdapter$DispatchingInvocationHandler.invoke(ProxyDispatchAdapter.java:94)
	at com.sun.proxy.$Proxy2.stop(Unknown Source)
	at org.gradle.api.internal.tasks.testing.worker.TestWorker.stop(TestWorker.java:133)
	at java.base/jdk.internal.reflect.NativeMethodAccessorImpl.invoke0(Native Method)
	at java.base/jdk.internal.reflect.NativeMethodAccessorImpl.invoke(NativeMethodAccessorImpl.java:62)
	at java.base/jdk.internal.reflect.DelegatingMethodAccessorImpl.invoke(DelegatingMethodAccessorImpl.java:43)
	at java.base/java.lang.reflect.Method.invoke(Method.java:567)
	at org.gradle.internal.dispatch.ReflectionDispatch.dispatch(ReflectionDispatch.java:36)
	at org.gradle.internal.dispatch.ReflectionDispatch.dispatch(ReflectionDispatch.java:24)
	at org.gradle.internal.remote.internal.hub.MessageHubBackedObjectConnection$DispatchWrapper.dispatch(MessageHubBackedObjectConnection.java:182)
	at org.gradle.internal.remote.internal.hub.MessageHubBackedObjectConnection$DispatchWrapper.dispatch(MessageHubBackedObjectConnection.java:164)
	at org.gradle.internal.remote.internal.hub.MessageHub$Handler.run(MessageHub.java:414)
	at org.gradle.internal.concurrent.ExecutorPolicy$CatchAndRecordFailures.onExecute(ExecutorPolicy.java:64)
	at org.gradle.internal.concurrent.ManagedExecutorImpl$1.run(ManagedExecutorImpl.java:48)
	at java.base/java.util.concurrent.ThreadPoolExecutor.runWorker(ThreadPoolExecutor.java:1128)
	at java.base/java.util.concurrent.ThreadPoolExecutor$Worker.run(ThreadPoolExecutor.java:628)
	at org.gradle.internal.concurrent.ThreadFactoryImpl$ManagedThreadRunnable.run(ThreadFactoryImpl.java:56)
	at java.base/java.lang.Thread.run(Thread.java:830)
</failure>
  </testcase>
  <system-out><![CDATA[[0, 1] --> [1]
acptdState   1
####################################
Current State [1] | [2] | [] | []
####################################
Current State [1] | [2] | [] | []
####################################
Current State [1] | [2] | [] | []
####################################
Current State [2] | [] | [3] | []
####################################
Current State [2] | [] | [3] | []
####################################
Current State [2] | [] | [3] | []
####################################
Current State [3] | [] | [] | [1]
####################################
Current State [3] | [] | [] | [1]
####################################
Current State [3] | [] | [] | [1]
####################################
Current State [0] | [2] | [] | []
####################################
Current State [0] | [2] | [] | []
####################################
Current State [0] | [2] | [] | []
[0, 1] --> [1]
[0, 1, 3] --> [2]
acptdState   1
####################################
Current State [1] | [3] | [] | []
####################################
Current State [1] | [3] | [] | []
####################################
Current State [1] | [3] | [] | []
####################################
Current State [2] | [3] | [] | [1]
####################################
Current State [2] | [3] | [] | [1]
####################################
Current State [2] | [3] | [] | [1]
####################################
Current State [3] | [] | [2] | []
####################################
Current State [3] | [] | [2] | []
####################################
Current State [3] | [] | [2] | []
####################################
Current State [0] | [3] | [] | []
####################################
Current State [0] | [3] | [] | []
####################################
Current State [0] | [3] | [] | []
[0, 1] --> [1]
[0, 1] --> [1]
[1] --> [2]
acptdState   0
[0] --> [0]
acptdState   1
####################################
Current State [1] | [1] | [1] | [2]
####################################
Current State [1] | [1] | [1] | [2]
####################################
Current State [1] | [1] | [1] | [2]
####################################
Current State [2] | [] | [] | [2]
####################################
Current State [2] | [] | [] | [2]
####################################
Current State [2] | [] | [] | [2]
####################################
Current State [0] | [1] | [1] | []
####################################
Current State [0] | [1] | [1] | []
####################################
Current State [0] | [1] | [1] | []
Erreichte Punkte: 1
]]></system-out>
  <system-err><![CDATA[]]></system-err>
</testsuite>
